--------------------------------------------------------
-- mcc V0.9.1227 - Custom microcode compiler (c)2020-... 
--    https://github.com/zpekic/MicroCodeCompiler
--------------------------------------------------------
Compiling cdp180X.mcc, pass 1 out of 2.
Line 145: resolved aliases:  y_zero
L0145@0002._reset2:  reg_q <= zero, alu_f = xor, alu_r = d, alu_s = d, reg_in <= alu_y

Line 149: resolved aliases:  reg_clr, y_zero
L0149@0003._reset3:  reg_r <= zero, sel_reg = zero, reg_mie <= enable, reg_t <= xp, alu_f = xor, alu_r = d, alu_s = d, reg_x <= n, reg_p <= n, reg_extend <= zero

Line 157: resolved aliases:  reg_inc, y_bus, fetch_memread
L0157@0004.fetch:  bus_state = fetch_memread, sel_reg = p, reg_in <= alu_y, alu_f = pass_s, alu_s = bus, reg_r <= r_plus_one

Line 161: resolved aliases:  y_bus, exec_memread
L0161@0005.load_b:  bus_state = exec_memread, sel_reg = x, reg_b <= alu_y, alu_f = pass_s, alu_s = bus, if traceEnabled then traceState else fork

Line 171: resolved aliases:  goto, reg_inc, y_bus, fetch_memread
L0171@0011.fetch1:  bus_state = fetch_memread, sel_reg = p, reg_in <= alu_y, alu_f = pass_s, alu_s = bus, reg_r <= r_plus_one, if false then next else load_b

Line 175: resolved aliases:  y_const, int_nop
L0175@0013.int_ack:  bus_state = int_nop, alu_f = pass_s, alu_s = const, reg_t <= xp, reg_x <= alu_yhi, reg_p <= alu_ylo, reg_mie <= disable, if true then fetch else 0x21

Line 181: resolved aliases:  reg_inc, dma_memread
L0181@0015.dma_out:  bus_state = dma_memread, sel_reg = zero, reg_r <= r_plus_one, if continue then fetch else dma_or_int

Line 185: resolved aliases:  reg_inc, dma_memread
L0185@0017.  bus_state = dma_memread, sel_reg = zero, reg_r <= r_plus_one, if continue then fetch else dma_or_int

Line 189: resolved aliases:  reg_inc, dma_memwrite
L0189@0019.dma_in:  bus_state = dma_memwrite, sel_reg = zero, reg_r <= r_plus_one, if continue then fetch else dma_or_int

Line 193: resolved aliases:  reg_inc, dma_memwrite
L0193@001B.  bus_state = dma_memwrite, sel_reg = zero, reg_r <= r_plus_one, if continue then fetch else dma_or_int

Line 197: resolved aliases:  reg_inc, dma_memwrite
L0197@001D.  bus_state = dma_memwrite, sel_reg = zero, reg_r <= r_plus_one, if continue then fetch else dma_or_int

Line 201: resolved aliases:  reg_inc, dma_memwrite
L0201@001F.  bus_state = dma_memwrite, sel_reg = zero, reg_r <= r_plus_one, if continue then fetch else dma_or_int

Line 211: resolved aliases:  trace
L0211@0020.traceState:  reg_trace <= ss_disable_char, if true then traceChar else 'D'

Line 212: resolved aliases:  trace
L0212@0021.  reg_trace <= ss_disable_char, if true then traceChar else '='

Line 213: resolved aliases:  trace
L0213@0022.  reg_trace <= ss_disable_char, if true then traceChar else 0b1000_0111

Line 214: resolved aliases:  trace
L0214@0023.  reg_trace <= ss_disable_char, if true then traceChar else 0b1000_0110

Line 215: resolved aliases:  trace
L0215@0024.  reg_trace <= ss_disable_char, if true then traceChar else ' '

Line 217: resolved aliases:  trace
L0217@0025.  reg_trace <= ss_disable_char, if true then traceChar else 'B'

Line 218: resolved aliases:  trace
L0218@0026.  reg_trace <= ss_disable_char, if true then traceChar else '='

Line 219: resolved aliases:  trace
L0219@0027.  reg_trace <= ss_disable_char, if true then traceChar else 0b1000_0101

Line 220: resolved aliases:  trace
L0220@0028.  reg_trace <= ss_disable_char, if true then traceChar else 0b1000_0100

Line 221: resolved aliases:  trace
L0221@0029.  reg_trace <= ss_disable_char, if true then traceChar else ' '

Line 223: resolved aliases:  trace
L0223@002A.  reg_trace <= ss_disable_char, if true then traceChar else 'F'

Line 224: resolved aliases:  trace
L0224@002B.  reg_trace <= ss_disable_char, if true then traceChar else 'L'

Line 225: resolved aliases:  trace
L0225@002C.  reg_trace <= ss_disable_char, if true then traceChar else '='

Line 226: resolved aliases:  trace
L0226@002D.  reg_trace <= ss_disable_char, if true then traceChar else 0b1000_0011

Line 227: resolved aliases:  trace
L0227@002E.  reg_trace <= ss_disable_char, if true then traceChar else 0b1000_0010

Line 228: resolved aliases:  trace
L0228@002F.  reg_trace <= ss_disable_char, if true then traceChar else ' '

Line 230: resolved aliases:  trace
L0230@0030.  reg_trace <= ss_disable_char, if true then traceChar else 'X'

Line 231: resolved aliases:  trace
L0231@0031.  reg_trace <= ss_disable_char, if true then traceChar else 'P'

Line 232: resolved aliases:  trace
L0232@0032.  reg_trace <= ss_disable_char, if true then traceChar else '='

Line 233: resolved aliases:  trace
L0233@0033.  reg_trace <= ss_disable_char, if true then traceChar else 0b1000_1111

Line 234: resolved aliases:  trace
L0234@0034.  reg_trace <= ss_disable_char, if true then traceChar else 0b1000_1110

Line 235: resolved aliases:  trace
L0235@0035.  reg_trace <= ss_disable_char, if true then traceChar else ' '

Line 237: resolved aliases:  trace
L0237@0036.  reg_trace <= ss_disable_char, if true then traceChar else 'I'

Line 238: resolved aliases:  trace
L0238@0037.  reg_trace <= ss_disable_char, if true then traceChar else 'N'

Line 239: resolved aliases:  trace
L0239@0038.  reg_trace <= ss_disable_char, if true then traceChar else '='

Line 240: resolved aliases:  trace
L0240@0039.  reg_trace <= ss_disable_char, if true then traceChar else 0b1000_1001

Line 241: resolved aliases:  trace
L0241@003A.  reg_trace <= ss_disable_char, if true then traceChar else 0b1000_1000

Line 243: resolved aliases:  gosub
L0243@003B.  if false then next else traceSpR

Line 244: resolved aliases:  gosub
L0244@003C.  if false then next else traceReg0

Line 246: resolved aliases:  gosub
L0246@003D.  if false then next else traceSpR

Line 247: resolved aliases:  gosub
L0247@003E.  if false then next else traceReg1

Line 249: resolved aliases:  gosub
L0249@003F.  if false then next else traceSpR

Line 250: resolved aliases:  gosub
L0250@0040.  if false then next else traceReg2

Line 252: resolved aliases:  gosub
L0252@0041.  if false then next else traceSpR

Line 253: resolved aliases:  gosub
L0253@0042.  if false then next else traceRegX

Line 255: resolved aliases:  gosub
L0255@0043.  if false then next else traceSpR

Line 256: resolved aliases:  gosub
L0256@0044.  if false then next else traceRegP

Line 258: resolved aliases:  gosub
L0258@0045.  if false then next else traceSpR

Line 259: resolved aliases:  gosub
L0259@0046.  if false then next else traceRegN

Line 261: resolved aliases:  trace, CR
L0261@0047.  reg_trace <= ss_disable_char, if true then traceChar else 0x0D

Line 262: resolved aliases:  trace, LF
L0262@0048.  reg_trace <= ss_disable_char, if true then traceChar else 0x0A

Line 264: resolved aliases:  dispatch
L0264@0049.  reg_trace <= ss_enable_zero, if sync then fork else repeat

Line 267: resolved aliases:  trace
L0267@004A.traceReg0:  reg_trace <= ss_disable_char, if true then traceChar else '0'

Line 268: resolved aliases:  trace
L0268@004B.  reg_trace <= ss_disable_char, if true then traceChar else '='

Line 269: resolved aliases:  trace
L0269@004C.  sel_reg = zero, reg_trace <= ss_disable_char, if true then traceChar else 0b1000_1101

Line 270: resolved aliases:  trace
L0270@004D.  sel_reg = zero, reg_trace <= ss_disable_char, if true then traceChar else 0b1000_1100

Line 271: resolved aliases:  trace
L0271@004E.  sel_reg = zero, reg_trace <= ss_disable_char, if true then traceChar else 0b1000_1011

Line 272: resolved aliases:  trace
L0272@004F.  sel_reg = zero, reg_trace <= ss_disable_char, if true then traceChar else 0b1000_1010

Line 273: resolved aliases:  return
L0273@0050.  if false then next else return

Line 275: resolved aliases:  trace
L0275@0051.traceReg1:  reg_trace <= ss_disable_char, if true then traceChar else '1'

Line 276: resolved aliases:  trace
L0276@0052.  reg_trace <= ss_disable_char, if true then traceChar else '='

Line 277: resolved aliases:  trace
L0277@0053.  sel_reg = one, reg_trace <= ss_disable_char, if true then traceChar else 0b1000_1101

Line 278: resolved aliases:  trace
L0278@0054.  sel_reg = one, reg_trace <= ss_disable_char, if true then traceChar else 0b1000_1100

Line 279: resolved aliases:  trace
L0279@0055.  sel_reg = one, reg_trace <= ss_disable_char, if true then traceChar else 0b1000_1011

Line 280: resolved aliases:  trace
L0280@0056.  sel_reg = one, reg_trace <= ss_disable_char, if true then traceChar else 0b1000_1010

Line 281: resolved aliases:  return
L0281@0057.  if false then next else return

Line 283: resolved aliases:  trace
L0283@0058.traceReg2:  reg_trace <= ss_disable_char, if true then traceChar else '2'

Line 284: resolved aliases:  trace
L0284@0059.  reg_trace <= ss_disable_char, if true then traceChar else '='

Line 285: resolved aliases:  trace
L0285@005A.  sel_reg = two, reg_trace <= ss_disable_char, if true then traceChar else 0b1000_1101

Line 286: resolved aliases:  trace
L0286@005B.  sel_reg = two, reg_trace <= ss_disable_char, if true then traceChar else 0b1000_1100

Line 287: resolved aliases:  trace
L0287@005C.  sel_reg = two, reg_trace <= ss_disable_char, if true then traceChar else 0b1000_1011

Line 288: resolved aliases:  trace
L0288@005D.  sel_reg = two, reg_trace <= ss_disable_char, if true then traceChar else 0b1000_1010

Line 289: resolved aliases:  return
L0289@005E.  if false then next else return

Line 291: resolved aliases:  trace
L0291@005F.traceRegX:  reg_trace <= ss_disable_char, if true then traceChar else 'X'

Line 292: resolved aliases:  trace
L0292@0060.  reg_trace <= ss_disable_char, if true then traceChar else '='

Line 293: resolved aliases:  trace
L0293@0061.  sel_reg = x, reg_trace <= ss_disable_char, if true then traceChar else 0b1000_1101

Line 294: resolved aliases:  trace
L0294@0062.  sel_reg = x, reg_trace <= ss_disable_char, if true then traceChar else 0b1000_1100

Line 295: resolved aliases:  trace
L0295@0063.  sel_reg = x, reg_trace <= ss_disable_char, if true then traceChar else 0b1000_1011

Line 296: resolved aliases:  trace
L0296@0064.  sel_reg = x, reg_trace <= ss_disable_char, if true then traceChar else 0b1000_1010

Line 297: resolved aliases:  return
L0297@0065.  if false then next else return

Line 299: resolved aliases:  trace
L0299@0066.traceRegP:  reg_trace <= ss_disable_char, if true then traceChar else 'P'

Line 300: resolved aliases:  trace
L0300@0067.  reg_trace <= ss_disable_char, if true then traceChar else '='

Line 301: resolved aliases:  trace
L0301@0068.  sel_reg = p, reg_trace <= ss_disable_char, if true then traceChar else 0b1000_1101

Line 302: resolved aliases:  trace
L0302@0069.  sel_reg = p, reg_trace <= ss_disable_char, if true then traceChar else 0b1000_1100

Line 303: resolved aliases:  trace
L0303@006A.  sel_reg = p, reg_trace <= ss_disable_char, if true then traceChar else 0b1000_1011

Line 304: resolved aliases:  trace
L0304@006B.  sel_reg = p, reg_trace <= ss_disable_char, if true then traceChar else 0b1000_1010

Line 305: resolved aliases:  return
L0305@006C.  if false then next else return

Line 307: resolved aliases:  trace
L0307@006D.traceRegN:  reg_trace <= ss_disable_char, if true then traceChar else 'N'

Line 308: resolved aliases:  trace
L0308@006E.  reg_trace <= ss_disable_char, if true then traceChar else '='

Line 309: resolved aliases:  trace
L0309@006F.  sel_reg = n, reg_trace <= ss_disable_char, if true then traceChar else 0b1000_1101

Line 310: resolved aliases:  trace
L0310@0070.  sel_reg = n, reg_trace <= ss_disable_char, if true then traceChar else 0b1000_1100

Line 311: resolved aliases:  trace
L0311@0071.  sel_reg = n, reg_trace <= ss_disable_char, if true then traceChar else 0b1000_1011

Line 312: resolved aliases:  trace
L0312@0072.  sel_reg = n, reg_trace <= ss_disable_char, if true then traceChar else 0b1000_1010

Line 313: resolved aliases:  return
L0313@0073.  if false then next else return

Line 315: resolved aliases:  trace
L0315@0074.traceSpR:  reg_trace <= ss_disable_char, if true then traceChar else ' '

Line 316: resolved aliases:  trace
L0316@0075.  reg_trace <= ss_disable_char, if true then traceChar else 'R'

Line 317: resolved aliases:  return
L0317@0076.  if false then next else return

Line 320: resolved aliases:  return
L0320@0078.  reg_trace <= ss_disable_zero, if false then next else return

Line 323: resolved aliases:  goto
L0323@0079.XNOP:  reg_extend <= zero, if false then next else NOP

Line 329: resolved aliases:  y_bus, exec_memread
L0329@007A.LDN:  bus_state = exec_memread, sel_reg = n, alu_f = pass_s, alu_s = bus, reg_d <= alu_y, if continue then fetch else dma_or_int

Line 333: resolved aliases:  noop
L0333@007B.IDL:  if true then next else next

Line 339: resolved aliases:  reg_inc
L0339@007D.INC:  sel_reg = n, reg_r <= r_plus_one, if continue then fetch else dma_or_int

Line 343: resolved aliases:  reg_dec
L0343@007E.DEC:  sel_reg = n, reg_r <= r_minus_one, if continue then fetch else dma_or_int

Line 347: resolved aliases:  y_bus, exec_memread
L0347@007F.SBRANCH:  bus_state = exec_memread, sel_reg = p, alu_f = pass_s, alu_s = bus, reg_b <= alu_y, if cond_3X then sbranch2 else next

Line 351: resolved aliases:  reg_inc
L0351@0080.SKIP:  sel_reg = p, reg_r <= r_plus_one, if continue then fetch else dma_or_int

Line 354: resolved aliases:  y_b
L0354@0081.sbranch2:  sel_reg = p, reg_r <= rhi_ylo, alu_f = pass_r, alu_r = b, if continue then fetch else dma_or_int

Line 358: resolved aliases:  reg_inc, y_bus, exec_memread
L0358@0082.LDA:  bus_state = exec_memread, sel_reg = n, alu_f = pass_s, alu_s = bus, reg_d <= alu_y, reg_r <= r_plus_one, if continue then fetch else dma_or_int

Line 362: resolved aliases:  y_d, exec_memwrite
L0362@0083.STR:  bus_state = exec_memwrite, sel_reg = n, alu_f = pass_r, alu_r = d, if continue then fetch else dma_or_int

Line 366: resolved aliases:  reg_inc, exec_iowrite
L0366@0084.OUT:  bus_state = exec_iowrite, sel_reg = x, reg_r <= r_plus_one, if continue then fetch else dma_or_int

Line 370: resolved aliases:  reg_inc
L0370@0085.IRX:  sel_reg = x, reg_r <= r_plus_one, if continue then fetch else dma_or_int

Line 374: resolved aliases:  y_bus, exec_ioread
L0374@0086.INP:  bus_state = exec_ioread, sel_reg = x, alu_f = pass_s, alu_s = bus, reg_d <= alu_y, if continue then fetch else dma_or_int

Line 380: resolved aliases:  goto, reg_inc, y_bus, fetch_memread
L0380@0088.  bus_state = fetch_memread, sel_reg = p, reg_in <= alu_y, alu_f = pass_s, alu_s = bus, reg_extend <= one, reg_r <= r_plus_one, if false then next else load_b

Line 385: resolved aliases:  reg_inc, y_b
L0385@0089.RET:  alu_f = pass_r, alu_r = b, reg_x <= alu_yhi, reg_p <= alu_ylo, reg_mie <= enable, sel_reg = x, reg_r <= r_plus_one, if continue then fetch else dma_or_int

Line 390: resolved aliases:  reg_inc, y_b
L0390@008A.DIS:  alu_f = pass_r, alu_r = b, reg_x <= alu_yhi, reg_p <= alu_ylo, reg_mie <= disable, sel_reg = x, reg_r <= r_plus_one, if continue then fetch else dma_or_int

Line 395: resolved aliases:  y_b
L0395@008B.LDXA:  alu_f = pass_r, alu_r = b, reg_d <= alu_y

Line 397: resolved aliases:  reg_inc
L0397@008C.  sel_reg = x, reg_r <= r_plus_one, if continue then fetch else dma_or_int

Line 401: resolved aliases:  y_d, exec_memwrite
L0401@008D.STXD:  bus_state = exec_memwrite, alu_f = pass_r, alu_r = d, sel_reg = x

Line 403: resolved aliases:  reg_dec
L0403@008E.  sel_reg = x, reg_r <= r_minus_one, if continue then fetch else dma_or_int

Line 408: resolved aliases:  y_d_plus_b
L0408@008F.ADC:  reg_extend <= zero, reg_df <= alu_cout, reg_d <= alu_y, alu_f = r_plus_s, alu_r = b, alu_s = d, alu_cin = df, if continue then fetch else dma_or_int

Line 412: resolved aliases:  y_b_minus_d
L0412@0090.SDB:  reg_df <= alu_cout, reg_d <= alu_y, alu_f = r_plus_ns, alu_r = b, alu_s = d, alu_cin = df, if continue then fetch else dma_or_int

Line 421: resolved aliases:  y_d_minus_b
L0421@0092.SMB:  reg_extend <= zero, reg_df <= alu_cout, reg_d <= alu_y, alu_f = nr_plus_s, alu_r = b, alu_s = d, alu_cin = df, if continue then fetch else dma_or_int

Line 425: resolved aliases:  y_t, exec_memwrite
L0425@0093.SAV:  bus_state = exec_memwrite, sel_reg = x, alu_f = pass_r, alu_r = t, if continue then fetch else dma_or_int

Line 431: resolved aliases:  reg_dec, y_t, exec_memwrite
L0431@0095.  bus_state = exec_memwrite, reg_x <= p, sel_reg = two, alu_f = pass_r, alu_r = t, reg_r <= r_minus_one, if continue then fetch else dma_or_int

Line 444: resolved aliases:  goto, reg_inc, y_bus, exec_memread
L0444@0098.ADCI:  bus_state = exec_memread, sel_reg = p, reg_b <= alu_y, alu_f = pass_s, alu_s = bus, reg_r <= r_plus_one, if false then next else ADC

Line 448: resolved aliases:  goto, reg_inc, y_bus, exec_memread
L0448@0099.SDBI:  bus_state = exec_memread, sel_reg = p, reg_b <= alu_y, alu_f = pass_s, alu_s = bus, reg_r <= r_plus_one, if false then next else SDB

Line 457: resolved aliases:  goto, reg_inc, y_bus, exec_memread
L0457@009B.SMBI:  bus_state = exec_memread, sel_reg = p, reg_b <= alu_y, alu_f = pass_s, alu_s = bus, reg_r <= r_plus_one, if false then next else SMB

Line 461: resolved aliases:  y_lo
L0461@009C.GLO:  reg_d <= alu_y, alu_f = pass_s, alu_s = reg_lo, sel_reg = n, if continue then fetch else dma_or_int

Line 465: resolved aliases:  y_hi
L0465@009D.GHI:  reg_d <= alu_y, alu_f = pass_r, alu_r = reg_hi, sel_reg = n, if continue then fetch else dma_or_int

Line 469: resolved aliases:  y_d
L0469@009E.PLO:  reg_r <= rhi_ylo, alu_f = pass_r, alu_r = d, sel_reg = n, if continue then fetch else dma_or_int

Line 473: resolved aliases:  y_d
L0473@009F.PHI:  reg_r <= yhi_rlo, alu_f = pass_r, alu_r = d, sel_reg = n, if continue then fetch else dma_or_int

Line 477: resolved aliases:  reg_inc, y_bus, exec_memread
L0477@00A0.LBRANCH:  bus_state = exec_memread, sel_reg = p, reg_b <= alu_y, alu_f = pass_s, alu_s = bus, reg_r <= r_plus_one, if cond_CX then next else SKIP

Line 480: resolved aliases:  y_bus, exec_memread
L0480@00A1.  bus_state = exec_memread, sel_reg = p, reg_r <= rhi_ylo, alu_f = pass_s, alu_s = bus

Line 482: resolved aliases:  y_b
L0482@00A2.  sel_reg = p, reg_r <= yhi_rlo, alu_f = pass_r, alu_r = b, if continue then fetch else dma_or_int

Line 495: resolved aliases:  goto, reg_inc
L0495@00A4.SKIP2:  sel_reg = p, reg_r <= r_plus_one, if false then next else SKIP

Line 510: resolved aliases:  y_b
L0510@00A8.LDX:  reg_d <= alu_y, alu_f = pass_r, alu_r = b, if continue then fetch else dma_or_int

Line 527: resolved aliases:  y_d_plus_b
L0527@00AC.ADD:  reg_extend <= zero, reg_df <= alu_cout, reg_d <= alu_y, alu_f = r_plus_s, alu_r = b, alu_s = d, alu_cin = f1_or_f0, if continue then fetch else dma_or_int

Line 531: resolved aliases:  y_b_minus_d
L0531@00AD.SD:  reg_df <= alu_cout, reg_d <= alu_y, alu_f = r_plus_ns, alu_r = b, alu_s = d, alu_cin = f1_or_f0, if continue then fetch else dma_or_int

Line 540: resolved aliases:  y_d_minus_b
L0540@00AF.SM:  reg_extend <= zero, reg_df <= alu_cout, reg_d <= alu_y, alu_f = nr_plus_s, alu_r = b, alu_s = d, alu_cin = f1_or_f0, if continue then fetch else dma_or_int

Line 544: resolved aliases:  reg_inc, y_bus, exec_memread
L0544@00B0.LDI:  bus_state = exec_memread, sel_reg = p, reg_d <= alu_y, alu_f = pass_s, alu_s = bus, reg_r <= r_plus_one, if continue then fetch else dma_or_int

Line 548: resolved aliases:  goto, reg_inc, y_bus, exec_memread
L0548@00B1.ORI:  bus_state = exec_memread, sel_reg = p, reg_b <= alu_y, alu_f = pass_s, alu_s = bus, reg_r <= r_plus_one, if false then next else OR

Line 552: resolved aliases:  goto, reg_inc, y_bus, exec_memread
L0552@00B2.ANI:  bus_state = exec_memread, sel_reg = p, reg_b <= alu_y, alu_f = pass_s, alu_s = bus, reg_r <= r_plus_one, if false then next else AND

Line 556: resolved aliases:  goto, reg_inc, y_bus, exec_memread
L0556@00B3.XRI:  bus_state = exec_memread, sel_reg = p, reg_b <= alu_y, alu_f = pass_s, alu_s = bus, reg_r <= r_plus_one, if false then next else XOR

Line 561: resolved aliases:  goto, reg_inc, y_bus, exec_memread
L0561@00B4.ADI:  bus_state = exec_memread, sel_reg = p, reg_b <= alu_y, alu_f = pass_s, alu_s = bus, reg_r <= r_plus_one, if false then next else ADD

Line 565: resolved aliases:  goto, reg_inc, y_bus, exec_memread
L0565@00B5.SDI:  bus_state = exec_memread, sel_reg = p, reg_b <= alu_y, alu_f = pass_s, alu_s = bus, reg_r <= r_plus_one, if false then next else SD

Line 569: resolved aliases:  y_d_plus_d
L0569@00B6.SHL:  reg_df <= alu_cout, reg_d <= alu_y, alu_f = r_plus_s, alu_r = d, alu_s = d, alu_cin = f1_or_f0, if continue then fetch else dma_or_int

Line 574: resolved aliases:  goto, reg_inc, y_bus, exec_memread
L0574@00B7.SMI:  bus_state = exec_memread, sel_reg = p, reg_b <= alu_y, alu_f = pass_s, alu_s = bus, reg_r <= r_plus_one, if false then next else SM

Line 637: resolved aliases:  reg_dec
L0637@00C6.DBNZ:  reg_extend <= zero, sel_reg = n, reg_r <= r_minus_one, if alu16_zero then skip2 else next

Line 640: resolved aliases:  reg_inc, y_bus, exec_memread
L0640@00C7.  bus_state = exec_memread, sel_reg = p, reg_b <= alu_y, alu_f = pass_s, alu_s = bus, reg_r <= r_plus_one

Line 642: resolved aliases:  y_bus, exec_memread
L0642@00C8.  bus_state = exec_memread, sel_reg = p, reg_r <= rhi_ylo, alu_f = pass_s, alu_s = bus

Line 644: resolved aliases:  y_b
L0644@00C9.  sel_reg = p, reg_r <= yhi_rlo, alu_f = pass_r, alu_r = b, if continue then fetch else dma_or_int

Line 647: resolved aliases:  goto, reg_inc
L0647@00CA.skip2:  sel_reg = p, reg_r <= r_plus_one, if false then next else SKIP

Line 651: resolved aliases:  y_bus, exec_memread
L0651@00CB.BCI:  reg_extend <= zero, bus_state = exec_memread, sel_reg = p, alu_f = pass_s, alu_s = bus, reg_b <= alu_y, if counterInt then sbranch2 else SKIP

Line 655: resolved aliases:  y_bus, exec_memread
L0655@00CC.BXI:  reg_extend <= zero, bus_state = exec_memread, sel_reg = p, alu_f = pass_s, alu_s = bus, reg_b <= alu_y, if externalInt then sbranch2 else SKIP

Line 659: resolved aliases:  reg_inc, y_bus, exec_memread
L0659@00CD.RLXA:  reg_extend <= zero, bus_state = exec_memread, sel_reg = x, reg_b <= alu_y, alu_f = pass_s, alu_s = bus, reg_r <= r_plus_one

Line 661: resolved aliases:  reg_inc, y_bus, exec_memread
L0661@00CE.  bus_state = exec_memread, sel_reg = x, reg_t <= alu_y, alu_f = pass_s, alu_s = bus, reg_r <= r_plus_one

Line 663: resolved aliases:  y_b
L0663@00CF.  sel_reg = n, reg_r <= yhi_rlo, alu_f = pass_r, alu_r = b, reg_b <= t

Line 665: resolved aliases:  y_b
L0665@00D0.  sel_reg = n, reg_r <= rhi_ylo, alu_f = pass_r, alu_r = b, if continue then fetch else dma_or_int

Line 669: resolved aliases:  reg_dec
L0669@00D1.DSAV:  reg_extend <= zero, sel_reg = x, reg_r <= r_minus_one

Line 671: resolved aliases:  reg_dec, y_t, exec_memwrite
L0671@00D2.  bus_state = exec_memwrite, sel_reg = x, alu_f = pass_r, alu_r = t, reg_r <= r_minus_one

Line 673: resolved aliases:  reg_dec, y_d, exec_memwrite
L0673@00D3.  bus_state = exec_memwrite, sel_reg = x, alu_f = pass_r, alu_r = d, reg_r <= r_minus_one, reg_b <= df_d_dn

Line 675: resolved aliases:  reg_dec, y_b, exec_memwrite
L0675@00D4.  bus_state = exec_memwrite, sel_reg = x, alu_f = pass_r, alu_r = b, reg_r <= r_minus_one, if continue then fetch else dma_or_int

Line 679: resolved aliases:  y_lo
L0679@00D5.SCAL:  reg_extend <= zero, sel_reg = n, reg_t <= alu_y, alu_f = pass_s, alu_s = reg_lo

Line 681: resolved aliases:  y_hi
L0681@00D6.  sel_reg = n, reg_b <= alu_y, alu_f = pass_r, alu_r = reg_hi

Line 683: resolved aliases:  reg_dec, y_t, exec_memwrite
L0683@00D7.  bus_state = exec_memwrite, sel_reg = x, alu_f = pass_r, alu_r = t, reg_r <= r_minus_one

Line 685: resolved aliases:  reg_dec, y_b, exec_memwrite
L0685@00D8.  bus_state = exec_memwrite, sel_reg = x, alu_f = pass_r, alu_r = b, reg_r <= r_minus_one

Line 687: resolved aliases:  y_lo
L0687@00D9.  sel_reg = p, reg_t <= alu_y, alu_f = pass_s, alu_s = reg_lo

Line 689: resolved aliases:  y_hi
L0689@00DA.  sel_reg = p, reg_b <= alu_y, alu_f = pass_r, alu_r = reg_hi

Line 693: resolved aliases:  reg_inc, y_bus, exec_memread
L0693@00DC.  bus_state = exec_memread, sel_reg = n, reg_t <= alu_y, alu_f = pass_s, alu_s = bus, reg_r <= r_plus_one

Line 695: resolved aliases:  reg_inc, y_bus, exec_memread
L0695@00DD.  bus_state = exec_memread, sel_reg = n, reg_b <= alu_y, alu_f = pass_s, alu_s = bus, reg_r <= r_plus_one

Line 701: resolved aliases:  y_lo
L0701@00DF.SRET:  reg_extend <= zero, sel_reg = n, reg_t <= alu_y, alu_f = pass_s, alu_s = reg_lo

Line 703: resolved aliases:  y_hi
L0703@00E0.  sel_reg = n, reg_b <= alu_y, alu_f = pass_r, alu_r = reg_hi

Line 705: resolved aliases:  reg_inc
L0705@00E1.  sel_reg = x, reg_r <= r_plus_one

Line 709: resolved aliases:  reg_inc, y_bus, exec_memread
L0709@00E3.  bus_state = exec_memread, sel_reg = x, reg_t <= alu_y, alu_f = pass_s, alu_s = bus, reg_r <= r_plus_one

Line 711: resolved aliases:  goto, y_bus, exec_memread
L0711@00E4.  bus_state = exec_memread, sel_reg = x, reg_b <= alu_y, alu_f = pass_s, alu_s = bus, if false then next else load_n

Line 715: resolved aliases:  y_lo
L0715@00E5.RSXD:  reg_extend <= zero, sel_reg = n, reg_t <= alu_y, alu_f = pass_s, alu_s = reg_lo

Line 717: resolved aliases:  y_hi
L0717@00E6.  sel_reg = n, reg_b <= alu_y, alu_f = pass_r, alu_r = reg_hi

Line 719: resolved aliases:  reg_dec, y_t, exec_memwrite
L0719@00E7.  bus_state = exec_memwrite, sel_reg = x, alu_f = pass_r, alu_r = t, reg_r <= r_minus_one

Line 721: resolved aliases:  reg_dec, y_b, exec_memwrite
L0721@00E8.  bus_state = exec_memwrite, sel_reg = x, alu_f = pass_r, alu_r = b, reg_r <= r_minus_one, if continue then fetch else dma_or_int

Line 725: resolved aliases:  y_lo
L0725@00E9.RNX:  reg_extend <= zero, sel_reg = n, reg_t <= alu_y, alu_f = pass_s, alu_s = reg_lo

Line 727: resolved aliases:  y_hi
L0727@00EA.  sel_reg = n, reg_b <= alu_y, alu_f = pass_r, alu_r = reg_hi

Line 733: resolved aliases:  reg_inc, y_bus, exec_memread
L0733@00EC.RLDI:  reg_extend <= zero, bus_state = exec_memread, sel_reg = p, reg_b <= alu_y, alu_f = pass_s, alu_s = bus, reg_r <= r_plus_one

Line 735: resolved aliases:  reg_inc, y_bus, exec_memread
L0735@00ED.  bus_state = exec_memread, sel_reg = p, reg_t <= alu_y, alu_f = pass_s, alu_s = bus, reg_r <= r_plus_one

Success: pass 1 739 line(s) read, 381 statement(s) parsed.
Compiling cdp180X.mcc, pass 2 out of 2.
Field 'bus_state' 63 .. 60
Field 'seq_cond' 59 .. 56
Field 'seq_then' 55 .. 48
Field 'seq_else' 47 .. 40
Field 'reg_d' 39 .. 37
Field 'reg_df' 36 .. 35
Field 'reg_t' 34 .. 33
Field 'reg_b' 32 .. 31
Field 'reg_x' 30 .. 29
Field 'reg_p' 28 .. 27
Field 'reg_in' 26 .. 26
Field 'reg_q' 25 .. 24
Field 'reg_mie' 23 .. 22
Field 'reg_trace' 21 .. 20
Field 'reg_extend' 19 .. 18
Field 'sel_reg' 17 .. 15
Field 'reg_r' 14 .. 12
Field 'alu_r' 11 .. 10
Field 'alu_s' 9 .. 8
Field 'alu_f' 7 .. 5
Field 'alu_cin' 4 .. 4
Field 'ct_oper' 3 .. 0
Info: line 5 - code[0000] <= '0000_0000_00000000_00000000_000_00_00_00_00_00_0_00_00_01_00_000_000_00_00_000_0_0000'
Info: line 5 - code[0001] <= '0000_0000_00000000_00000000_000_00_00_00_00_00_0_00_00_01_00_000_000_00_00_000_0_0000'
Info: line 5 - code[0002] <= '0000_0000_00000000_00000000_000_00_00_00_00_00_1_01_00_00_00_000_000_01_01_000_0_0000'
Info: line 5 - code[0003] <= '0000_0000_00000000_00000000_000_00_10_00_01_01_0_00_01_00_01_000_001_01_01_000_0_0000'
Info: line 5 - code[0004] <= '1000_0000_00000000_00000000_000_00_00_00_00_00_1_00_00_00_00_101_010_00_00_111_0_0000'
Info: line 5 - code[0005] <= '0001_1101_00100000_00000011_000_00_00_01_00_00_0_00_00_00_00_011_000_00_00_111_0_0000'
Info: line 5 - code[0010] <= '0000_0111_00000100_00010000_000_00_00_00_00_00_0_00_00_00_00_000_000_00_00_000_0_0000'
Info: line 5 - code[0011] <= '1000_1111_00000000_00000101_000_00_00_00_00_00_1_00_00_00_00_101_010_00_00_111_0_0000'
Info: line 5 - code[0013] <= '0111_0000_00000100_00100001_000_00_10_00_10_10_0_00_10_00_00_000_000_00_10_111_0_0000'
Info: line 5 - code[0015] <= '0101_0110_00000100_00010000_000_00_00_00_00_00_0_00_00_00_00_000_010_00_00_000_0_0000'
Info: line 5 - code[0017] <= '0101_0110_00000100_00010000_000_00_00_00_00_00_0_00_00_00_00_000_010_00_00_000_0_0000'
Info: line 5 - code[0019] <= '0110_0110_00000100_00010000_000_00_00_00_00_00_0_00_00_00_00_000_010_00_00_000_0_0000'
Info: line 5 - code[001B] <= '0110_0110_00000100_00010000_000_00_00_00_00_00_0_00_00_00_00_000_010_00_00_000_0_0000'
Info: line 5 - code[001D] <= '0110_0110_00000100_00010000_000_00_00_00_00_00_0_00_00_00_00_000_010_00_00_000_0_0000'
Info: line 5 - code[001F] <= '0110_0110_00000100_00010000_000_00_00_00_00_00_0_00_00_00_00_000_010_00_00_000_0_0000'
Info: line 5 - code[0020] <= '0000_0000_01110111_01000100_000_00_00_00_00_00_0_00_00_11_00_000_000_00_00_000_0_0000'
Info: line 5 - code[0021] <= '0000_0000_01110111_00111101_000_00_00_00_00_00_0_00_00_11_00_000_000_00_00_000_0_0000'
Info: line 5 - code[0022] <= '0000_0000_01110111_10000111_000_00_00_00_00_00_0_00_00_11_00_000_000_00_00_000_0_0000'
Info: line 5 - code[0023] <= '0000_0000_01110111_10000110_000_00_00_00_00_00_0_00_00_11_00_000_000_00_00_000_0_0000'
Info: line 5 - code[0024] <= '0000_0000_01110111_00100000_000_00_00_00_00_00_0_00_00_11_00_000_000_00_00_000_0_0000'
Info: line 5 - code[0025] <= '0000_0000_01110111_01000010_000_00_00_00_00_00_0_00_00_11_00_000_000_00_00_000_0_0000'
Info: line 5 - code[0026] <= '0000_0000_01110111_00111101_000_00_00_00_00_00_0_00_00_11_00_000_000_00_00_000_0_0000'
Info: line 5 - code[0027] <= '0000_0000_01110111_10000101_000_00_00_00_00_00_0_00_00_11_00_000_000_00_00_000_0_0000'
Info: line 5 - code[0028] <= '0000_0000_01110111_10000100_000_00_00_00_00_00_0_00_00_11_00_000_000_00_00_000_0_0000'
Info: line 5 - code[0029] <= '0000_0000_01110111_00100000_000_00_00_00_00_00_0_00_00_11_00_000_000_00_00_000_0_0000'
Info: line 5 - code[002A] <= '0000_0000_01110111_01000110_000_00_00_00_00_00_0_00_00_11_00_000_000_00_00_000_0_0000'
Info: line 5 - code[002B] <= '0000_0000_01110111_01001100_000_00_00_00_00_00_0_00_00_11_00_000_000_00_00_000_0_0000'
Info: line 5 - code[002C] <= '0000_0000_01110111_00111101_000_00_00_00_00_00_0_00_00_11_00_000_000_00_00_000_0_0000'
Info: line 5 - code[002D] <= '0000_0000_01110111_10000011_000_00_00_00_00_00_0_00_00_11_00_000_000_00_00_000_0_0000'
Info: line 5 - code[002E] <= '0000_0000_01110111_10000010_000_00_00_00_00_00_0_00_00_11_00_000_000_00_00_000_0_0000'
Info: line 5 - code[002F] <= '0000_0000_01110111_00100000_000_00_00_00_00_00_0_00_00_11_00_000_000_00_00_000_0_0000'
Info: line 5 - code[0030] <= '0000_0000_01110111_01011000_000_00_00_00_00_00_0_00_00_11_00_000_000_00_00_000_0_0000'
Info: line 5 - code[0031] <= '0000_0000_01110111_01010000_000_00_00_00_00_00_0_00_00_11_00_000_000_00_00_000_0_0000'
Info: line 5 - code[0032] <= '0000_0000_01110111_00111101_000_00_00_00_00_00_0_00_00_11_00_000_000_00_00_000_0_0000'
Info: line 5 - code[0033] <= '0000_0000_01110111_10001111_000_00_00_00_00_00_0_00_00_11_00_000_000_00_00_000_0_0000'
Info: line 5 - code[0034] <= '0000_0000_01110111_10001110_000_00_00_00_00_00_0_00_00_11_00_000_000_00_00_000_0_0000'
Info: line 5 - code[0035] <= '0000_0000_01110111_00100000_000_00_00_00_00_00_0_00_00_11_00_000_000_00_00_000_0_0000'
Info: line 5 - code[0036] <= '0000_0000_01110111_01001001_000_00_00_00_00_00_0_00_00_11_00_000_000_00_00_000_0_0000'
Info: line 5 - code[0037] <= '0000_0000_01110111_01001110_000_00_00_00_00_00_0_00_00_11_00_000_000_00_00_000_0_0000'
Info: line 5 - code[0038] <= '0000_0000_01110111_00111101_000_00_00_00_00_00_0_00_00_11_00_000_000_00_00_000_0_0000'
Info: line 5 - code[0039] <= '0000_0000_01110111_10001001_000_00_00_00_00_00_0_00_00_11_00_000_000_00_00_000_0_0000'
Info: line 5 - code[003A] <= '0000_0000_01110111_10001000_000_00_00_00_00_00_0_00_00_11_00_000_000_00_00_000_0_0000'
Info: line 5 - code[003B] <= '0000_1111_00000000_01110100_000_00_00_00_00_00_0_00_00_00_00_000_000_00_00_000_0_0000'
Info: line 5 - code[003C] <= '0000_1111_00000000_01001010_000_00_00_00_00_00_0_00_00_00_00_000_000_00_00_000_0_0000'
Info: line 5 - code[003D] <= '0000_1111_00000000_01110100_000_00_00_00_00_00_0_00_00_00_00_000_000_00_00_000_0_0000'
Info: line 5 - code[003E] <= '0000_1111_00000000_01010001_000_00_00_00_00_00_0_00_00_00_00_000_000_00_00_000_0_0000'
Info: line 5 - code[003F] <= '0000_1111_00000000_01110100_000_00_00_00_00_00_0_00_00_00_00_000_000_00_00_000_0_0000'
Info: line 5 - code[0040] <= '0000_1111_00000000_01011000_000_00_00_00_00_00_0_00_00_00_00_000_000_00_00_000_0_0000'
Info: line 5 - code[0041] <= '0000_1111_00000000_01110100_000_00_00_00_00_00_0_00_00_00_00_000_000_00_00_000_0_0000'
Info: line 5 - code[0042] <= '0000_1111_00000000_01011111_000_00_00_00_00_00_0_00_00_00_00_000_000_00_00_000_0_0000'
Info: line 5 - code[0043] <= '0000_1111_00000000_01110100_000_00_00_00_00_00_0_00_00_00_00_000_000_00_00_000_0_0000'
Info: line 5 - code[0044] <= '0000_1111_00000000_01100110_000_00_00_00_00_00_0_00_00_00_00_000_000_00_00_000_0_0000'
Info: line 5 - code[0045] <= '0000_1111_00000000_01110100_000_00_00_00_00_00_0_00_00_00_00_000_000_00_00_000_0_0000'
Info: line 5 - code[0046] <= '0000_1111_00000000_01101101_000_00_00_00_00_00_0_00_00_00_00_000_000_00_00_000_0_0000'
Info: line 5 - code[0047] <= '0000_0000_01110111_00001101_000_00_00_00_00_00_0_00_00_11_00_000_000_00_00_000_0_0000'
Info: line 5 - code[0048] <= '0000_0000_01110111_00001010_000_00_00_00_00_00_0_00_00_11_00_000_000_00_00_000_0_0000'
Info: line 5 - code[0049] <= '0000_0010_00000011_00000001_000_00_00_00_00_00_0_00_00_01_00_000_000_00_00_000_0_0000'
Info: line 5 - code[004A] <= '0000_0000_01110111_00110000_000_00_00_00_00_00_0_00_00_11_00_000_000_00_00_000_0_0000'
Info: line 5 - code[004B] <= '0000_0000_01110111_00111101_000_00_00_00_00_00_0_00_00_11_00_000_000_00_00_000_0_0000'
Info: line 5 - code[004C] <= '0000_0000_01110111_10001101_000_00_00_00_00_00_0_00_00_11_00_000_000_00_00_000_0_0000'
Info: line 5 - code[004D] <= '0000_0000_01110111_10001100_000_00_00_00_00_00_0_00_00_11_00_000_000_00_00_000_0_0000'
Info: line 5 - code[004E] <= '0000_0000_01110111_10001011_000_00_00_00_00_00_0_00_00_11_00_000_000_00_00_000_0_0000'
Info: line 5 - code[004F] <= '0000_0000_01110111_10001010_000_00_00_00_00_00_0_00_00_11_00_000_000_00_00_000_0_0000'
Info: line 5 - code[0050] <= '0000_1111_00000000_00000010_000_00_00_00_00_00_0_00_00_00_00_000_000_00_00_000_0_0000'
Info: line 5 - code[0051] <= '0000_0000_01110111_00110001_000_00_00_00_00_00_0_00_00_11_00_000_000_00_00_000_0_0000'
Info: line 5 - code[0052] <= '0000_0000_01110111_00111101_000_00_00_00_00_00_0_00_00_11_00_000_000_00_00_000_0_0000'
Info: line 5 - code[0053] <= '0000_0000_01110111_10001101_000_00_00_00_00_00_0_00_00_11_00_001_000_00_00_000_0_0000'
Info: line 5 - code[0054] <= '0000_0000_01110111_10001100_000_00_00_00_00_00_0_00_00_11_00_001_000_00_00_000_0_0000'
Info: line 5 - code[0055] <= '0000_0000_01110111_10001011_000_00_00_00_00_00_0_00_00_11_00_001_000_00_00_000_0_0000'
Info: line 5 - code[0056] <= '0000_0000_01110111_10001010_000_00_00_00_00_00_0_00_00_11_00_001_000_00_00_000_0_0000'
Info: line 5 - code[0057] <= '0000_1111_00000000_00000010_000_00_00_00_00_00_0_00_00_00_00_000_000_00_00_000_0_0000'
Info: line 5 - code[0058] <= '0000_0000_01110111_00110010_000_00_00_00_00_00_0_00_00_11_00_000_000_00_00_000_0_0000'
Info: line 5 - code[0059] <= '0000_0000_01110111_00111101_000_00_00_00_00_00_0_00_00_11_00_000_000_00_00_000_0_0000'
Info: line 5 - code[005A] <= '0000_0000_01110111_10001101_000_00_00_00_00_00_0_00_00_11_00_010_000_00_00_000_0_0000'
Info: line 5 - code[005B] <= '0000_0000_01110111_10001100_000_00_00_00_00_00_0_00_00_11_00_010_000_00_00_000_0_0000'
Info: line 5 - code[005C] <= '0000_0000_01110111_10001011_000_00_00_00_00_00_0_00_00_11_00_010_000_00_00_000_0_0000'
Info: line 5 - code[005D] <= '0000_0000_01110111_10001010_000_00_00_00_00_00_0_00_00_11_00_010_000_00_00_000_0_0000'
Info: line 5 - code[005E] <= '0000_1111_00000000_00000010_000_00_00_00_00_00_0_00_00_00_00_000_000_00_00_000_0_0000'
Info: line 5 - code[005F] <= '0000_0000_01110111_01011000_000_00_00_00_00_00_0_00_00_11_00_000_000_00_00_000_0_0000'
Info: line 5 - code[0060] <= '0000_0000_01110111_00111101_000_00_00_00_00_00_0_00_00_11_00_000_000_00_00_000_0_0000'
Info: line 5 - code[0061] <= '0000_0000_01110111_10001101_000_00_00_00_00_00_0_00_00_11_00_011_000_00_00_000_0_0000'
Info: line 5 - code[0062] <= '0000_0000_01110111_10001100_000_00_00_00_00_00_0_00_00_11_00_011_000_00_00_000_0_0000'
Info: line 5 - code[0063] <= '0000_0000_01110111_10001011_000_00_00_00_00_00_0_00_00_11_00_011_000_00_00_000_0_0000'
Info: line 5 - code[0064] <= '0000_0000_01110111_10001010_000_00_00_00_00_00_0_00_00_11_00_011_000_00_00_000_0_0000'
Info: line 5 - code[0065] <= '0000_1111_00000000_00000010_000_00_00_00_00_00_0_00_00_00_00_000_000_00_00_000_0_0000'
Info: line 5 - code[0066] <= '0000_0000_01110111_01010000_000_00_00_00_00_00_0_00_00_11_00_000_000_00_00_000_0_0000'
Info: line 5 - code[0067] <= '0000_0000_01110111_00111101_000_00_00_00_00_00_0_00_00_11_00_000_000_00_00_000_0_0000'
Info: line 5 - code[0068] <= '0000_0000_01110111_10001101_000_00_00_00_00_00_0_00_00_11_00_101_000_00_00_000_0_0000'
Info: line 5 - code[0069] <= '0000_0000_01110111_10001100_000_00_00_00_00_00_0_00_00_11_00_101_000_00_00_000_0_0000'
Info: line 5 - code[006A] <= '0000_0000_01110111_10001011_000_00_00_00_00_00_0_00_00_11_00_101_000_00_00_000_0_0000'
Info: line 5 - code[006B] <= '0000_0000_01110111_10001010_000_00_00_00_00_00_0_00_00_11_00_101_000_00_00_000_0_0000'
Info: line 5 - code[006C] <= '0000_1111_00000000_00000010_000_00_00_00_00_00_0_00_00_00_00_000_000_00_00_000_0_0000'
Info: line 5 - code[006D] <= '0000_0000_01110111_01001110_000_00_00_00_00_00_0_00_00_11_00_000_000_00_00_000_0_0000'
Info: line 5 - code[006E] <= '0000_0000_01110111_00111101_000_00_00_00_00_00_0_00_00_11_00_000_000_00_00_000_0_0000'
Info: line 5 - code[006F] <= '0000_0000_01110111_10001101_000_00_00_00_00_00_0_00_00_11_00_100_000_00_00_000_0_0000'
Info: line 5 - code[0070] <= '0000_0000_01110111_10001100_000_00_00_00_00_00_0_00_00_11_00_100_000_00_00_000_0_0000'
Info: line 5 - code[0071] <= '0000_0000_01110111_10001011_000_00_00_00_00_00_0_00_00_11_00_100_000_00_00_000_0_0000'
Info: line 5 - code[0072] <= '0000_0000_01110111_10001010_000_00_00_00_00_00_0_00_00_11_00_100_000_00_00_000_0_0000'
Info: line 5 - code[0073] <= '0000_1111_00000000_00000010_000_00_00_00_00_00_0_00_00_00_00_000_000_00_00_000_0_0000'
Info: line 5 - code[0074] <= '0000_0000_01110111_00100000_000_00_00_00_00_00_0_00_00_11_00_000_000_00_00_000_0_0000'
Info: line 5 - code[0075] <= '0000_0000_01110111_01010010_000_00_00_00_00_00_0_00_00_11_00_000_000_00_00_000_0_0000'
Info: line 5 - code[0076] <= '0000_1111_00000000_00000010_000_00_00_00_00_00_0_00_00_00_00_000_000_00_00_000_0_0000'
Info: line 5 - code[0077] <= '0000_1110_00000000_00000001_000_00_00_00_00_00_0_00_00_00_00_000_000_00_00_000_0_0000'
Info: line 5 - code[0078] <= '0000_1111_00000000_00000010_000_00_00_00_00_00_0_00_00_10_00_000_000_00_00_000_0_0000'
Info: line 6 - mapper[0100] <= '01111001'
Info: line 6 - mapper[0101] <= '01111001'
Info: line 6 - mapper[0102] <= '01111001'
Info: line 6 - mapper[0103] <= '01111001'
Info: line 6 - mapper[0104] <= '01111001'
Info: line 6 - mapper[0105] <= '01111001'
Info: line 6 - mapper[0106] <= '01111001'
Info: line 6 - mapper[0107] <= '01111001'
Info: line 6 - mapper[0108] <= '01111001'
Info: line 6 - mapper[0109] <= '01111001'
Info: line 6 - mapper[010A] <= '01111001'
Info: line 6 - mapper[010B] <= '01111001'
Info: line 6 - mapper[010C] <= '01111001'
Info: line 6 - mapper[010D] <= '01111001'
Info: line 6 - mapper[010E] <= '01111001'
Info: line 6 - mapper[010F] <= '01111001'
Info: line 6 - mapper[0110] <= '01111001'
Info: line 6 - mapper[0111] <= '01111001'
Info: line 6 - mapper[0112] <= '01111001'
Info: line 6 - mapper[0113] <= '01111001'
Info: line 6 - mapper[0114] <= '01111001'
Info: line 6 - mapper[0115] <= '01111001'
Info: line 6 - mapper[0116] <= '01111001'
Info: line 6 - mapper[0117] <= '01111001'
Info: line 6 - mapper[0118] <= '01111001'
Info: line 6 - mapper[0119] <= '01111001'
Info: line 6 - mapper[011A] <= '01111001'
Info: line 6 - mapper[011B] <= '01111001'
Info: line 6 - mapper[011C] <= '01111001'
Info: line 6 - mapper[011D] <= '01111001'
Info: line 6 - mapper[011E] <= '01111001'
Info: line 6 - mapper[011F] <= '01111001'
Info: line 6 - mapper[0120] <= '01111001'
Info: line 6 - mapper[0121] <= '01111001'
Info: line 6 - mapper[0122] <= '01111001'
Info: line 6 - mapper[0123] <= '01111001'
Info: line 6 - mapper[0124] <= '01111001'
Info: line 6 - mapper[0125] <= '01111001'
Info: line 6 - mapper[0126] <= '01111001'
Info: line 6 - mapper[0127] <= '01111001'
Info: line 6 - mapper[0128] <= '01111001'
Info: line 6 - mapper[0129] <= '01111001'
Info: line 6 - mapper[012A] <= '01111001'
Info: line 6 - mapper[012B] <= '01111001'
Info: line 6 - mapper[012C] <= '01111001'
Info: line 6 - mapper[012D] <= '01111001'
Info: line 6 - mapper[012E] <= '01111001'
Info: line 6 - mapper[012F] <= '01111001'
Info: line 6 - mapper[0130] <= '01111001'
Info: line 6 - mapper[0131] <= '01111001'
Info: line 6 - mapper[0132] <= '01111001'
Info: line 6 - mapper[0133] <= '01111001'
Info: line 6 - mapper[0134] <= '01111001'
Info: line 6 - mapper[0135] <= '01111001'
Info: line 6 - mapper[0136] <= '01111001'
Info: line 6 - mapper[0137] <= '01111001'
Info: line 6 - mapper[0138] <= '01111001'
Info: line 6 - mapper[0139] <= '01111001'
Info: line 6 - mapper[013A] <= '01111001'
Info: line 6 - mapper[013B] <= '01111001'
Info: line 6 - mapper[013C] <= '01111001'
Info: line 6 - mapper[013D] <= '01111001'
Info: line 6 - mapper[013E] <= '01111001'
Info: line 6 - mapper[013F] <= '01111001'
Info: line 6 - mapper[0140] <= '01111001'
Info: line 6 - mapper[0141] <= '01111001'
Info: line 6 - mapper[0142] <= '01111001'
Info: line 6 - mapper[0143] <= '01111001'
Info: line 6 - mapper[0144] <= '01111001'
Info: line 6 - mapper[0145] <= '01111001'
Info: line 6 - mapper[0146] <= '01111001'
Info: line 6 - mapper[0147] <= '01111001'
Info: line 6 - mapper[0148] <= '01111001'
Info: line 6 - mapper[0149] <= '01111001'
Info: line 6 - mapper[014A] <= '01111001'
Info: line 6 - mapper[014B] <= '01111001'
Info: line 6 - mapper[014C] <= '01111001'
Info: line 6 - mapper[014D] <= '01111001'
Info: line 6 - mapper[014E] <= '01111001'
Info: line 6 - mapper[014F] <= '01111001'
Info: line 6 - mapper[0150] <= '01111001'
Info: line 6 - mapper[0151] <= '01111001'
Info: line 6 - mapper[0152] <= '01111001'
Info: line 6 - mapper[0153] <= '01111001'
Info: line 6 - mapper[0154] <= '01111001'
Info: line 6 - mapper[0155] <= '01111001'
Info: line 6 - mapper[0156] <= '01111001'
Info: line 6 - mapper[0157] <= '01111001'
Info: line 6 - mapper[0158] <= '01111001'
Info: line 6 - mapper[0159] <= '01111001'
Info: line 6 - mapper[015A] <= '01111001'
Info: line 6 - mapper[015B] <= '01111001'
Info: line 6 - mapper[015C] <= '01111001'
Info: line 6 - mapper[015D] <= '01111001'
Info: line 6 - mapper[015E] <= '01111001'
Info: line 6 - mapper[015F] <= '01111001'
Info: line 6 - mapper[0160] <= '01111001'
Info: line 6 - mapper[0161] <= '01111001'
Info: line 6 - mapper[0162] <= '01111001'
Info: line 6 - mapper[0163] <= '01111001'
Info: line 6 - mapper[0164] <= '01111001'
Info: line 6 - mapper[0165] <= '01111001'
Info: line 6 - mapper[0166] <= '01111001'
Info: line 6 - mapper[0167] <= '01111001'
Info: line 6 - mapper[0168] <= '01111001'
Info: line 6 - mapper[0169] <= '01111001'
Info: line 6 - mapper[016A] <= '01111001'
Info: line 6 - mapper[016B] <= '01111001'
Info: line 6 - mapper[016C] <= '01111001'
Info: line 6 - mapper[016D] <= '01111001'
Info: line 6 - mapper[016E] <= '01111001'
Info: line 6 - mapper[016F] <= '01111001'
Info: line 6 - mapper[0170] <= '01111001'
Info: line 6 - mapper[0171] <= '01111001'
Info: line 6 - mapper[0172] <= '01111001'
Info: line 6 - mapper[0173] <= '01111001'
Info: line 6 - mapper[0174] <= '01111001'
Info: line 6 - mapper[0175] <= '01111001'
Info: line 6 - mapper[0176] <= '01111001'
Info: line 6 - mapper[0177] <= '01111001'
Info: line 6 - mapper[0178] <= '01111001'
Info: line 6 - mapper[0179] <= '01111001'
Info: line 6 - mapper[017A] <= '01111001'
Info: line 6 - mapper[017B] <= '01111001'
Info: line 6 - mapper[017C] <= '01111001'
Info: line 6 - mapper[017D] <= '01111001'
Info: line 6 - mapper[017E] <= '01111001'
Info: line 6 - mapper[017F] <= '01111001'
Info: line 6 - mapper[0180] <= '01111001'
Info: line 6 - mapper[0181] <= '01111001'
Info: line 6 - mapper[0182] <= '01111001'
Info: line 6 - mapper[0183] <= '01111001'
Info: line 6 - mapper[0184] <= '01111001'
Info: line 6 - mapper[0185] <= '01111001'
Info: line 6 - mapper[0186] <= '01111001'
Info: line 6 - mapper[0187] <= '01111001'
Info: line 6 - mapper[0188] <= '01111001'
Info: line 6 - mapper[0189] <= '01111001'
Info: line 6 - mapper[018A] <= '01111001'
Info: line 6 - mapper[018B] <= '01111001'
Info: line 6 - mapper[018C] <= '01111001'
Info: line 6 - mapper[018D] <= '01111001'
Info: line 6 - mapper[018E] <= '01111001'
Info: line 6 - mapper[018F] <= '01111001'
Info: line 6 - mapper[0190] <= '01111001'
Info: line 6 - mapper[0191] <= '01111001'
Info: line 6 - mapper[0192] <= '01111001'
Info: line 6 - mapper[0193] <= '01111001'
Info: line 6 - mapper[0194] <= '01111001'
Info: line 6 - mapper[0195] <= '01111001'
Info: line 6 - mapper[0196] <= '01111001'
Info: line 6 - mapper[0197] <= '01111001'
Info: line 6 - mapper[0198] <= '01111001'
Info: line 6 - mapper[0199] <= '01111001'
Info: line 6 - mapper[019A] <= '01111001'
Info: line 6 - mapper[019B] <= '01111001'
Info: line 6 - mapper[019C] <= '01111001'
Info: line 6 - mapper[019D] <= '01111001'
Info: line 6 - mapper[019E] <= '01111001'
Info: line 6 - mapper[019F] <= '01111001'
Info: line 6 - mapper[01A0] <= '01111001'
Info: line 6 - mapper[01A1] <= '01111001'
Info: line 6 - mapper[01A2] <= '01111001'
Info: line 6 - mapper[01A3] <= '01111001'
Info: line 6 - mapper[01A4] <= '01111001'
Info: line 6 - mapper[01A5] <= '01111001'
Info: line 6 - mapper[01A6] <= '01111001'
Info: line 6 - mapper[01A7] <= '01111001'
Info: line 6 - mapper[01A8] <= '01111001'
Info: line 6 - mapper[01A9] <= '01111001'
Info: line 6 - mapper[01AA] <= '01111001'
Info: line 6 - mapper[01AB] <= '01111001'
Info: line 6 - mapper[01AC] <= '01111001'
Info: line 6 - mapper[01AD] <= '01111001'
Info: line 6 - mapper[01AE] <= '01111001'
Info: line 6 - mapper[01AF] <= '01111001'
Info: line 6 - mapper[01B0] <= '01111001'
Info: line 6 - mapper[01B1] <= '01111001'
Info: line 6 - mapper[01B2] <= '01111001'
Info: line 6 - mapper[01B3] <= '01111001'
Info: line 6 - mapper[01B4] <= '01111001'
Info: line 6 - mapper[01B5] <= '01111001'
Info: line 6 - mapper[01B6] <= '01111001'
Info: line 6 - mapper[01B7] <= '01111001'
Info: line 6 - mapper[01B8] <= '01111001'
Info: line 6 - mapper[01B9] <= '01111001'
Info: line 6 - mapper[01BA] <= '01111001'
Info: line 6 - mapper[01BB] <= '01111001'
Info: line 6 - mapper[01BC] <= '01111001'
Info: line 6 - mapper[01BD] <= '01111001'
Info: line 6 - mapper[01BE] <= '01111001'
Info: line 6 - mapper[01BF] <= '01111001'
Info: line 6 - mapper[01C0] <= '01111001'
Info: line 6 - mapper[01C1] <= '01111001'
Info: line 6 - mapper[01C2] <= '01111001'
Info: line 6 - mapper[01C3] <= '01111001'
Info: line 6 - mapper[01C4] <= '01111001'
Info: line 6 - mapper[01C5] <= '01111001'
Info: line 6 - mapper[01C6] <= '01111001'
Info: line 6 - mapper[01C7] <= '01111001'
Info: line 6 - mapper[01C8] <= '01111001'
Info: line 6 - mapper[01C9] <= '01111001'
Info: line 6 - mapper[01CA] <= '01111001'
Info: line 6 - mapper[01CB] <= '01111001'
Info: line 6 - mapper[01CC] <= '01111001'
Info: line 6 - mapper[01CD] <= '01111001'
Info: line 6 - mapper[01CE] <= '01111001'
Info: line 6 - mapper[01CF] <= '01111001'
Info: line 6 - mapper[01D0] <= '01111001'
Info: line 6 - mapper[01D1] <= '01111001'
Info: line 6 - mapper[01D2] <= '01111001'
Info: line 6 - mapper[01D3] <= '01111001'
Info: line 6 - mapper[01D4] <= '01111001'
Info: line 6 - mapper[01D5] <= '01111001'
Info: line 6 - mapper[01D6] <= '01111001'
Info: line 6 - mapper[01D7] <= '01111001'
Info: line 6 - mapper[01D8] <= '01111001'
Info: line 6 - mapper[01D9] <= '01111001'
Info: line 6 - mapper[01DA] <= '01111001'
Info: line 6 - mapper[01DB] <= '01111001'
Info: line 6 - mapper[01DC] <= '01111001'
Info: line 6 - mapper[01DD] <= '01111001'
Info: line 6 - mapper[01DE] <= '01111001'
Info: line 6 - mapper[01DF] <= '01111001'
Info: line 6 - mapper[01E0] <= '01111001'
Info: line 6 - mapper[01E1] <= '01111001'
Info: line 6 - mapper[01E2] <= '01111001'
Info: line 6 - mapper[01E3] <= '01111001'
Info: line 6 - mapper[01E4] <= '01111001'
Info: line 6 - mapper[01E5] <= '01111001'
Info: line 6 - mapper[01E6] <= '01111001'
Info: line 6 - mapper[01E7] <= '01111001'
Info: line 6 - mapper[01E8] <= '01111001'
Info: line 6 - mapper[01E9] <= '01111001'
Info: line 6 - mapper[01EA] <= '01111001'
Info: line 6 - mapper[01EB] <= '01111001'
Info: line 6 - mapper[01EC] <= '01111001'
Info: line 6 - mapper[01ED] <= '01111001'
Info: line 6 - mapper[01EE] <= '01111001'
Info: line 6 - mapper[01EF] <= '01111001'
Info: line 6 - mapper[01F0] <= '01111001'
Info: line 6 - mapper[01F1] <= '01111001'
Info: line 6 - mapper[01F2] <= '01111001'
Info: line 6 - mapper[01F3] <= '01111001'
Info: line 6 - mapper[01F4] <= '01111001'
Info: line 6 - mapper[01F5] <= '01111001'
Info: line 6 - mapper[01F6] <= '01111001'
Info: line 6 - mapper[01F7] <= '01111001'
Info: line 6 - mapper[01F8] <= '01111001'
Info: line 6 - mapper[01F9] <= '01111001'
Info: line 6 - mapper[01FA] <= '01111001'
Info: line 6 - mapper[01FB] <= '01111001'
Info: line 6 - mapper[01FC] <= '01111001'
Info: line 6 - mapper[01FD] <= '01111001'
Info: line 6 - mapper[01FE] <= '01111001'
Info: line 6 - mapper[01FF] <= '01111001'
Info: line 5 - code[0079] <= '0000_1111_00000000_10100101_000_00_00_00_00_00_0_00_00_00_01_000_000_00_00_000_0_0000'
Info: line 6 - mapper[0000] <= '01111010'
Info: line 6 - mapper[0001] <= '01111010'
Info: line 6 - mapper[0002] <= '01111010'
Info: line 6 - mapper[0003] <= '01111010'
Info: line 6 - mapper[0004] <= '01111010'
Info: line 6 - mapper[0005] <= '01111010'
Info: line 6 - mapper[0006] <= '01111010'
Info: line 6 - mapper[0007] <= '01111010'
Info: line 6 - mapper[0008] <= '01111010'
Info: line 6 - mapper[0009] <= '01111010'
Info: line 6 - mapper[000A] <= '01111010'
Info: line 6 - mapper[000B] <= '01111010'
Info: line 6 - mapper[000C] <= '01111010'
Info: line 6 - mapper[000D] <= '01111010'
Info: line 6 - mapper[000E] <= '01111010'
Info: line 6 - mapper[000F] <= '01111010'
Info: line 5 - code[007A] <= '0001_0110_00000100_00010000_001_00_00_00_00_00_0_00_00_00_00_100_000_00_00_111_0_0000'
Warning in line 6: overwriting '01111010' with '01111011' at mapper[0000]
Info: line 5 - code[007B] <= '0000_0000_00000000_00000000_000_00_00_00_00_00_0_00_00_00_00_000_000_00_00_000_0_0000'
Info: line 5 - code[007C] <= '0000_0110_01111011_00010000_000_00_00_00_00_00_0_00_00_00_00_000_000_00_00_000_0_0000'
Info: line 6 - mapper[0010] <= '01111101'
Info: line 6 - mapper[0011] <= '01111101'
Info: line 6 - mapper[0012] <= '01111101'
Info: line 6 - mapper[0013] <= '01111101'
Info: line 6 - mapper[0014] <= '01111101'
Info: line 6 - mapper[0015] <= '01111101'
Info: line 6 - mapper[0016] <= '01111101'
Info: line 6 - mapper[0017] <= '01111101'
Info: line 6 - mapper[0018] <= '01111101'
Info: line 6 - mapper[0019] <= '01111101'
Info: line 6 - mapper[001A] <= '01111101'
Info: line 6 - mapper[001B] <= '01111101'
Info: line 6 - mapper[001C] <= '01111101'
Info: line 6 - mapper[001D] <= '01111101'
Info: line 6 - mapper[001E] <= '01111101'
Info: line 6 - mapper[001F] <= '01111101'
Info: line 5 - code[007D] <= '0000_0110_00000100_00010000_000_00_00_00_00_00_0_00_00_00_00_100_010_00_00_000_0_0000'
Info: line 6 - mapper[0020] <= '01111110'
Info: line 6 - mapper[0021] <= '01111110'
Info: line 6 - mapper[0022] <= '01111110'
Info: line 6 - mapper[0023] <= '01111110'
Info: line 6 - mapper[0024] <= '01111110'
Info: line 6 - mapper[0025] <= '01111110'
Info: line 6 - mapper[0026] <= '01111110'
Info: line 6 - mapper[0027] <= '01111110'
Info: line 6 - mapper[0028] <= '01111110'
Info: line 6 - mapper[0029] <= '01111110'
Info: line 6 - mapper[002A] <= '01111110'
Info: line 6 - mapper[002B] <= '01111110'
Info: line 6 - mapper[002C] <= '01111110'
Info: line 6 - mapper[002D] <= '01111110'
Info: line 6 - mapper[002E] <= '01111110'
Info: line 6 - mapper[002F] <= '01111110'
Info: line 5 - code[007E] <= '0000_0110_00000100_00010000_000_00_00_00_00_00_0_00_00_00_00_100_011_00_00_000_0_0000'
Info: line 6 - mapper[0030] <= '01111111'
Info: line 6 - mapper[0031] <= '01111111'
Info: line 6 - mapper[0032] <= '01111111'
Info: line 6 - mapper[0033] <= '01111111'
Info: line 6 - mapper[0034] <= '01111111'
Info: line 6 - mapper[0035] <= '01111111'
Info: line 6 - mapper[0036] <= '01111111'
Info: line 6 - mapper[0037] <= '01111111'
Info: line 6 - mapper[0038] <= '01111111'
Info: line 6 - mapper[0039] <= '01111111'
Info: line 6 - mapper[003A] <= '01111111'
Info: line 6 - mapper[003B] <= '01111111'
Info: line 6 - mapper[003C] <= '01111111'
Info: line 6 - mapper[003D] <= '01111111'
Info: line 6 - mapper[003E] <= '01111111'
Info: line 6 - mapper[003F] <= '01111111'
Info: line 5 - code[007F] <= '0001_0011_10000001_00000000_000_00_00_01_00_00_0_00_00_00_00_101_000_00_00_111_0_0000'
Warning in line 6: overwriting '01111111' with '10000000' at mapper[0038]
Info: line 5 - code[0080] <= '0000_0110_00000100_00010000_000_00_00_00_00_00_0_00_00_00_00_101_010_00_00_000_0_0000'
Info: line 5 - code[0081] <= '0000_0110_00000100_00010000_000_00_00_00_00_00_0_00_00_00_00_101_101_10_00_011_0_0000'
Info: line 6 - mapper[0040] <= '10000010'
Info: line 6 - mapper[0041] <= '10000010'
Info: line 6 - mapper[0042] <= '10000010'
Info: line 6 - mapper[0043] <= '10000010'
Info: line 6 - mapper[0044] <= '10000010'
Info: line 6 - mapper[0045] <= '10000010'
Info: line 6 - mapper[0046] <= '10000010'
Info: line 6 - mapper[0047] <= '10000010'
Info: line 6 - mapper[0048] <= '10000010'
Info: line 6 - mapper[0049] <= '10000010'
Info: line 6 - mapper[004A] <= '10000010'
Info: line 6 - mapper[004B] <= '10000010'
Info: line 6 - mapper[004C] <= '10000010'
Info: line 6 - mapper[004D] <= '10000010'
Info: line 6 - mapper[004E] <= '10000010'
Info: line 6 - mapper[004F] <= '10000010'
Info: line 5 - code[0082] <= '0001_0110_00000100_00010000_001_00_00_00_00_00_0_00_00_00_00_100_010_00_00_111_0_0000'
Info: line 6 - mapper[0050] <= '10000011'
Info: line 6 - mapper[0051] <= '10000011'
Info: line 6 - mapper[0052] <= '10000011'
Info: line 6 - mapper[0053] <= '10000011'
Info: line 6 - mapper[0054] <= '10000011'
Info: line 6 - mapper[0055] <= '10000011'
Info: line 6 - mapper[0056] <= '10000011'
Info: line 6 - mapper[0057] <= '10000011'
Info: line 6 - mapper[0058] <= '10000011'
Info: line 6 - mapper[0059] <= '10000011'
Info: line 6 - mapper[005A] <= '10000011'
Info: line 6 - mapper[005B] <= '10000011'
Info: line 6 - mapper[005C] <= '10000011'
Info: line 6 - mapper[005D] <= '10000011'
Info: line 6 - mapper[005E] <= '10000011'
Info: line 6 - mapper[005F] <= '10000011'
Info: line 5 - code[0083] <= '0010_0110_00000100_00010000_000_00_00_00_00_00_0_00_00_00_00_100_000_01_00_011_0_0000'
Info: line 6 - mapper[0060] <= '10000100'
Info: line 6 - mapper[0061] <= '10000100'
Info: line 6 - mapper[0062] <= '10000100'
Info: line 6 - mapper[0063] <= '10000100'
Info: line 6 - mapper[0064] <= '10000100'
Info: line 6 - mapper[0065] <= '10000100'
Info: line 6 - mapper[0066] <= '10000100'
Info: line 6 - mapper[0067] <= '10000100'
Info: line 5 - code[0084] <= '0100_0110_00000100_00010000_000_00_00_00_00_00_0_00_00_00_00_011_010_00_00_000_0_0000'
Warning in line 6: overwriting '10000100' with '10000101' at mapper[0060]
Info: line 5 - code[0085] <= '0000_0110_00000100_00010000_000_00_00_00_00_00_0_00_00_00_00_011_010_00_00_000_0_0000'
Info: line 6 - mapper[0068] <= '10000110'
Info: line 6 - mapper[0069] <= '10000110'
Info: line 6 - mapper[006A] <= '10000110'
Info: line 6 - mapper[006B] <= '10000110'
Info: line 6 - mapper[006C] <= '10000110'
Info: line 6 - mapper[006D] <= '10000110'
Info: line 6 - mapper[006E] <= '10000110'
Info: line 6 - mapper[006F] <= '10000110'
Info: line 5 - code[0086] <= '0011_0110_00000100_00010000_001_00_00_00_00_00_0_00_00_00_00_011_000_00_00_111_0_0000'
Warning in line 6: overwriting '10000110' with '10000111' at mapper[0068]
Info: line 5 - code[0087] <= '0000_0001_00000000_10100101_000_00_00_00_00_00_0_00_00_00_00_000_000_00_00_000_0_0000'
Info: line 5 - code[0088] <= '1000_1111_00000000_00000101_000_00_00_00_00_00_1_00_00_00_10_101_010_00_00_111_0_0000'
Info: line 6 - mapper[0070] <= '10001001'
Info: line 5 - code[0089] <= '0000_0110_00000100_00010000_000_00_00_00_10_10_0_00_01_00_00_011_010_10_00_011_0_0000'
Info: line 6 - mapper[0071] <= '10001010'
Info: line 5 - code[008A] <= '0000_0110_00000100_00010000_000_00_00_00_10_10_0_00_10_00_00_011_010_10_00_011_0_0000'
Info: line 6 - mapper[0072] <= '10001011'
Info: line 5 - code[008B] <= '0000_0000_00000000_00000000_001_00_00_00_00_00_0_00_00_00_00_000_000_10_00_011_0_0000'
Info: line 5 - code[008C] <= '0000_0110_00000100_00010000_000_00_00_00_00_00_0_00_00_00_00_011_010_00_00_000_0_0000'
Info: line 6 - mapper[0073] <= '10001101'
Info: line 5 - code[008D] <= '0010_0000_00000000_00000000_000_00_00_00_00_00_0_00_00_00_00_011_000_01_00_011_0_0000'
Info: line 5 - code[008E] <= '0000_0110_00000100_00010000_000_00_00_00_00_00_0_00_00_00_00_011_011_00_00_000_0_0000'
Info: line 6 - mapper[0074] <= '10001111'
Warning in line 6: overwriting '01111001' with '10001111' at mapper[0174]
Info: line 5 - code[008F] <= '0000_0110_00000100_00010000_001_11_00_00_00_00_0_00_00_00_01_000_000_10_01_100_1_0000'
Info: line 6 - mapper[0075] <= '10010000'
Info: line 5 - code[0090] <= '0000_0110_00000100_00010000_001_11_00_00_00_00_0_00_00_00_00_000_000_10_01_101_1_0000'
Info: line 6 - mapper[0076] <= '10010001'
Info: line 5 - code[0091] <= '0000_0110_00000100_00010000_010_10_00_00_00_00_0_00_00_00_00_000_000_00_00_000_0_0000'
Info: line 6 - mapper[0077] <= '10010010'
Warning in line 6: overwriting '01111001' with '10010010' at mapper[0177]
Info: line 5 - code[0092] <= '0000_0110_00000100_00010000_001_11_00_00_00_00_0_00_00_00_01_000_000_10_01_110_1_0000'
Info: line 6 - mapper[0078] <= '10010011'
Info: line 5 - code[0093] <= '0010_0110_00000100_00010000_000_00_00_00_00_00_0_00_00_00_00_011_000_00_00_011_0_0000'
Info: line 6 - mapper[0079] <= '10010100'
Info: line 5 - code[0094] <= '0000_0000_00000000_00000000_000_00_10_00_00_00_0_00_00_00_00_000_000_00_00_000_0_0000'
Info: line 5 - code[0095] <= '0010_0110_00000100_00010000_000_00_00_00_11_00_0_00_00_00_00_010_011_00_00_011_0_0000'
Info: line 6 - mapper[007A] <= '10010110'
Info: line 5 - code[0096] <= '0000_0110_00000100_00010000_000_00_00_00_00_00_0_01_00_00_00_000_000_00_00_000_0_0000'
Info: line 6 - mapper[007B] <= '10010111'
Info: line 5 - code[0097] <= '0000_0110_00000100_00010000_000_00_00_00_00_00_0_10_00_00_00_000_000_00_00_000_0_0000'
Info: line 6 - mapper[007C] <= '10011000'
Warning in line 6: overwriting '01111001' with '10011000' at mapper[017C]
Info: line 5 - code[0098] <= '0001_1111_00000000_10001111_000_00_00_01_00_00_0_00_00_00_00_101_010_00_00_111_0_0000'
Info: line 6 - mapper[007D] <= '10011001'
Info: line 5 - code[0099] <= '0001_1111_00000000_10010000_000_00_00_01_00_00_0_00_00_00_00_101_010_00_00_111_0_0000'
Info: line 6 - mapper[007E] <= '10011010'
Info: line 5 - code[009A] <= '0000_0110_00000100_00010000_001_11_00_00_00_00_0_00_00_00_00_000_000_01_01_100_1_0000'
Info: line 6 - mapper[007F] <= '10011011'
Warning in line 6: overwriting '01111001' with '10011011' at mapper[017F]
Info: line 5 - code[009B] <= '0001_1111_00000000_10010010_000_00_00_01_00_00_0_00_00_00_00_101_010_00_00_111_0_0000'
Info: line 6 - mapper[0080] <= '10011100'
Info: line 6 - mapper[0081] <= '10011100'
Info: line 6 - mapper[0082] <= '10011100'
Info: line 6 - mapper[0083] <= '10011100'
Info: line 6 - mapper[0084] <= '10011100'
Info: line 6 - mapper[0085] <= '10011100'
Info: line 6 - mapper[0086] <= '10011100'
Info: line 6 - mapper[0087] <= '10011100'
Info: line 6 - mapper[0088] <= '10011100'
Info: line 6 - mapper[0089] <= '10011100'
Info: line 6 - mapper[008A] <= '10011100'
Info: line 6 - mapper[008B] <= '10011100'
Info: line 6 - mapper[008C] <= '10011100'
Info: line 6 - mapper[008D] <= '10011100'
Info: line 6 - mapper[008E] <= '10011100'
Info: line 6 - mapper[008F] <= '10011100'
Info: line 5 - code[009C] <= '0000_0110_00000100_00010000_001_00_00_00_00_00_0_00_00_00_00_100_000_00_11_111_0_0000'
Info: line 6 - mapper[0090] <= '10011101'
Info: line 6 - mapper[0091] <= '10011101'
Info: line 6 - mapper[0092] <= '10011101'
Info: line 6 - mapper[0093] <= '10011101'
Info: line 6 - mapper[0094] <= '10011101'
Info: line 6 - mapper[0095] <= '10011101'
Info: line 6 - mapper[0096] <= '10011101'
Info: line 6 - mapper[0097] <= '10011101'
Info: line 6 - mapper[0098] <= '10011101'
Info: line 6 - mapper[0099] <= '10011101'
Info: line 6 - mapper[009A] <= '10011101'
Info: line 6 - mapper[009B] <= '10011101'
Info: line 6 - mapper[009C] <= '10011101'
Info: line 6 - mapper[009D] <= '10011101'
Info: line 6 - mapper[009E] <= '10011101'
Info: line 6 - mapper[009F] <= '10011101'
Info: line 5 - code[009D] <= '0000_0110_00000100_00010000_001_00_00_00_00_00_0_00_00_00_00_100_000_11_00_011_0_0000'
Info: line 6 - mapper[00A0] <= '10011110'
Info: line 6 - mapper[00A1] <= '10011110'
Info: line 6 - mapper[00A2] <= '10011110'
Info: line 6 - mapper[00A3] <= '10011110'
Info: line 6 - mapper[00A4] <= '10011110'
Info: line 6 - mapper[00A5] <= '10011110'
Info: line 6 - mapper[00A6] <= '10011110'
Info: line 6 - mapper[00A7] <= '10011110'
Info: line 6 - mapper[00A8] <= '10011110'
Info: line 6 - mapper[00A9] <= '10011110'
Info: line 6 - mapper[00AA] <= '10011110'
Info: line 6 - mapper[00AB] <= '10011110'
Info: line 6 - mapper[00AC] <= '10011110'
Info: line 6 - mapper[00AD] <= '10011110'
Info: line 6 - mapper[00AE] <= '10011110'
Info: line 6 - mapper[00AF] <= '10011110'
Info: line 5 - code[009E] <= '0000_0110_00000100_00010000_000_00_00_00_00_00_0_00_00_00_00_100_101_01_00_011_0_0000'
Info: line 6 - mapper[00B0] <= '10011111'
Info: line 6 - mapper[00B1] <= '10011111'
Info: line 6 - mapper[00B2] <= '10011111'
Info: line 6 - mapper[00B3] <= '10011111'
Info: line 6 - mapper[00B4] <= '10011111'
Info: line 6 - mapper[00B5] <= '10011111'
Info: line 6 - mapper[00B6] <= '10011111'
Info: line 6 - mapper[00B7] <= '10011111'
Info: line 6 - mapper[00B8] <= '10011111'
Info: line 6 - mapper[00B9] <= '10011111'
Info: line 6 - mapper[00BA] <= '10011111'
Info: line 6 - mapper[00BB] <= '10011111'
Info: line 6 - mapper[00BC] <= '10011111'
Info: line 6 - mapper[00BD] <= '10011111'
Info: line 6 - mapper[00BE] <= '10011111'
Info: line 6 - mapper[00BF] <= '10011111'
Info: line 5 - code[009F] <= '0000_0110_00000100_00010000_000_00_00_00_00_00_0_00_00_00_00_100_100_01_00_011_0_0000'
Info: line 6 - mapper[00C0] <= '10100000'
Info: line 6 - mapper[00C1] <= '10100000'
Info: line 6 - mapper[00C2] <= '10100000'
Info: line 6 - mapper[00C3] <= '10100000'
Info: line 6 - mapper[00C4] <= '10100000'
Info: line 6 - mapper[00C5] <= '10100000'
Info: line 6 - mapper[00C6] <= '10100000'
Info: line 6 - mapper[00C7] <= '10100000'
Info: line 6 - mapper[00C8] <= '10100000'
Info: line 6 - mapper[00C9] <= '10100000'
Info: line 6 - mapper[00CA] <= '10100000'
Info: line 6 - mapper[00CB] <= '10100000'
Info: line 6 - mapper[00CC] <= '10100000'
Info: line 6 - mapper[00CD] <= '10100000'
Info: line 6 - mapper[00CE] <= '10100000'
Info: line 6 - mapper[00CF] <= '10100000'
Info: line 5 - code[00A0] <= '0001_1100_00000000_10000000_000_00_00_01_00_00_0_00_00_00_00_101_010_00_00_111_0_0000'
Info: line 5 - code[00A1] <= '0001_0000_00000000_00000000_000_00_00_00_00_00_0_00_00_00_00_101_101_00_00_111_0_0000'
Info: line 5 - code[00A2] <= '0000_0110_00000100_00010000_000_00_00_00_00_00_0_00_00_00_00_101_100_10_00_011_0_0000'
Warning in line 6: overwriting '10100000' with '10100011' at mapper[00C5]
Warning in line 6: overwriting '10100000' with '10100011' at mapper[00C6]
Warning in line 6: overwriting '10100000' with '10100011' at mapper[00C7]
Warning in line 6: overwriting '10100000' with '10100011' at mapper[00CC]
Warning in line 6: overwriting '10100000' with '10100011' at mapper[00CD]
Warning in line 6: overwriting '10100000' with '10100011' at mapper[00CE]
Warning in line 6: overwriting '10100000' with '10100011' at mapper[00CF]
Info: line 5 - code[00A3] <= '0000_1100_00000000_10100101_000_00_00_00_00_00_0_00_00_00_00_000_000_00_00_000_0_0000'
Warning in line 6: overwriting '10100000' with '10100100' at mapper[00C8]
Info: line 5 - code[00A4] <= '0000_1111_00000000_10000000_000_00_00_00_00_00_0_00_00_00_00_101_010_00_00_000_0_0000'
Warning in line 6: overwriting '10100000' with '10100101' at mapper[00C4]
Info: line 5 - code[00A5] <= '0000_0110_00000100_00010000_000_00_00_00_00_00_0_00_00_00_00_000_000_00_00_000_0_0000'
Info: line 6 - mapper[00D0] <= '10100110'
Info: line 6 - mapper[00D1] <= '10100110'
Info: line 6 - mapper[00D2] <= '10100110'
Info: line 6 - mapper[00D3] <= '10100110'
Info: line 6 - mapper[00D4] <= '10100110'
Info: line 6 - mapper[00D5] <= '10100110'
Info: line 6 - mapper[00D6] <= '10100110'
Info: line 6 - mapper[00D7] <= '10100110'
Info: line 6 - mapper[00D8] <= '10100110'
Info: line 6 - mapper[00D9] <= '10100110'
Info: line 6 - mapper[00DA] <= '10100110'
Info: line 6 - mapper[00DB] <= '10100110'
Info: line 6 - mapper[00DC] <= '10100110'
Info: line 6 - mapper[00DD] <= '10100110'
Info: line 6 - mapper[00DE] <= '10100110'
Info: line 6 - mapper[00DF] <= '10100110'
Info: line 5 - code[00A6] <= '0000_0110_00000100_00010000_000_00_00_00_00_01_0_00_00_00_00_000_000_00_00_000_0_0000'
Info: line 6 - mapper[00E0] <= '10100111'
Info: line 6 - mapper[00E1] <= '10100111'
Info: line 6 - mapper[00E2] <= '10100111'
Info: line 6 - mapper[00E3] <= '10100111'
Info: line 6 - mapper[00E4] <= '10100111'
Info: line 6 - mapper[00E5] <= '10100111'
Info: line 6 - mapper[00E6] <= '10100111'
Info: line 6 - mapper[00E7] <= '10100111'
Info: line 6 - mapper[00E8] <= '10100111'
Info: line 6 - mapper[00E9] <= '10100111'
Info: line 6 - mapper[00EA] <= '10100111'
Info: line 6 - mapper[00EB] <= '10100111'
Info: line 6 - mapper[00EC] <= '10100111'
Info: line 6 - mapper[00ED] <= '10100111'
Info: line 6 - mapper[00EE] <= '10100111'
Info: line 6 - mapper[00EF] <= '10100111'
Info: line 5 - code[00A7] <= '0000_0110_00000100_00010000_000_00_00_00_01_00_0_00_00_00_00_000_000_00_00_000_0_0000'
Info: line 6 - mapper[00F0] <= '10101000'
Info: line 5 - code[00A8] <= '0000_0110_00000100_00010000_001_00_00_00_00_00_0_00_00_00_00_000_000_10_00_011_0_0000'
Info: line 6 - mapper[00F1] <= '10101001'
Info: line 5 - code[00A9] <= '0000_0110_00000100_00010000_001_00_00_00_00_00_0_00_00_00_00_000_000_10_01_010_0_0000'
Info: line 6 - mapper[00F2] <= '10101010'
Info: line 5 - code[00AA] <= '0000_0110_00000100_00010000_001_00_00_00_00_00_0_00_00_00_00_000_000_10_01_001_0_0000'
Info: line 6 - mapper[00F3] <= '10101011'
Info: line 5 - code[00AB] <= '0000_0110_00000100_00010000_001_00_00_00_00_00_0_00_00_00_00_000_000_10_01_000_0_0000'
Info: line 6 - mapper[00F4] <= '10101100'
Warning in line 6: overwriting '01111001' with '10101100' at mapper[01F4]
Info: line 5 - code[00AC] <= '0000_0110_00000100_00010000_001_11_00_00_00_00_0_00_00_00_01_000_000_10_01_100_0_0000'
Info: line 6 - mapper[00F5] <= '10101101'
Info: line 5 - code[00AD] <= '0000_0110_00000100_00010000_001_11_00_00_00_00_0_00_00_00_00_000_000_10_01_101_0_0000'
Info: line 6 - mapper[00F6] <= '10101110'
Info: line 5 - code[00AE] <= '0000_0110_00000100_00010000_011_10_00_00_00_00_0_00_00_00_00_000_000_00_00_000_0_0000'
Info: line 6 - mapper[00F7] <= '10101111'
Warning in line 6: overwriting '01111001' with '10101111' at mapper[01F7]
Info: line 5 - code[00AF] <= '0000_0110_00000100_00010000_001_11_00_00_00_00_0_00_00_00_01_000_000_10_01_110_0_0000'
Info: line 6 - mapper[00F8] <= '10110000'
Info: line 5 - code[00B0] <= '0001_0110_00000100_00010000_001_00_00_00_00_00_0_00_00_00_00_101_010_00_00_111_0_0000'
Info: line 6 - mapper[00F9] <= '10110001'
Info: line 5 - code[00B1] <= '0001_1111_00000000_10101001_000_00_00_01_00_00_0_00_00_00_00_101_010_00_00_111_0_0000'
Info: line 6 - mapper[00FA] <= '10110010'
Info: line 5 - code[00B2] <= '0001_1111_00000000_10101010_000_00_00_01_00_00_0_00_00_00_00_101_010_00_00_111_0_0000'
Info: line 6 - mapper[00FB] <= '10110011'
Info: line 5 - code[00B3] <= '0001_1111_00000000_10101011_000_00_00_01_00_00_0_00_00_00_00_101_010_00_00_111_0_0000'
Info: line 6 - mapper[00FC] <= '10110100'
Warning in line 6: overwriting '01111001' with '10110100' at mapper[01FC]
Info: line 5 - code[00B4] <= '0001_1111_00000000_10101100_000_00_00_01_00_00_0_00_00_00_00_101_010_00_00_111_0_0000'
Info: line 6 - mapper[00FD] <= '10110101'
Info: line 5 - code[00B5] <= '0001_1111_00000000_10101101_000_00_00_01_00_00_0_00_00_00_00_101_010_00_00_111_0_0000'
Info: line 6 - mapper[00FE] <= '10110110'
Info: line 5 - code[00B6] <= '0000_0110_00000100_00010000_001_11_00_00_00_00_0_00_00_00_00_000_000_01_01_100_0_0000'
Info: line 6 - mapper[00FF] <= '10110111'
Warning in line 6: overwriting '01111001' with '10110111' at mapper[01FF]
Info: line 5 - code[00B7] <= '0001_1111_00000000_10101111_000_00_00_01_00_00_0_00_00_00_00_101_010_00_00_111_0_0000'
Warning in line 6: overwriting '01111001' with '10111000' at mapper[0100]
Info: line 5 - code[00B8] <= '0000_0110_00000100_00010000_000_00_00_00_00_00_0_00_00_00_01_100_000_00_00_000_0_0000'
Warning in line 6: overwriting '01111001' with '10111001' at mapper[0101]
Info: line 5 - code[00B9] <= '0000_0110_00000100_00010000_000_00_00_00_00_00_0_00_00_00_01_100_000_00_00_000_0_0000'
Warning in line 6: overwriting '01111001' with '10111010' at mapper[0102]
Info: line 5 - code[00BA] <= '0000_0110_00000100_00010000_000_00_00_00_00_00_0_00_00_00_01_100_000_00_00_000_0_0000'
Warning in line 6: overwriting '01111001' with '10111011' at mapper[0103]
Info: line 5 - code[00BB] <= '0000_0110_00000100_00010000_000_00_00_00_00_00_0_00_00_00_01_100_000_00_00_000_0_0000'
Warning in line 6: overwriting '01111001' with '10111100' at mapper[0104]
Info: line 5 - code[00BC] <= '0000_0110_00000100_00010000_000_00_00_00_00_00_0_00_00_00_01_100_000_00_00_000_0_0000'
Warning in line 6: overwriting '01111001' with '10111101' at mapper[0105]
Info: line 5 - code[00BD] <= '0000_0110_00000100_00010000_000_00_00_00_00_00_0_00_00_00_01_100_000_00_00_000_0_0000'
Warning in line 6: overwriting '01111001' with '10111110' at mapper[0106]
Info: line 5 - code[00BE] <= '0000_0110_00000100_00010000_000_00_00_00_00_00_0_00_00_00_01_100_000_00_00_000_0_0000'
Warning in line 6: overwriting '01111001' with '10111111' at mapper[0107]
Info: line 5 - code[00BF] <= '0000_0110_00000100_00010000_000_00_00_00_00_00_0_00_00_00_01_100_000_00_00_000_0_0000'
Warning in line 6: overwriting '01111001' with '11000000' at mapper[0108]
Info: line 5 - code[00C0] <= '0000_0110_00000100_00010000_000_00_00_00_00_00_0_00_00_00_01_100_000_00_00_000_0_0000'
Warning in line 6: overwriting '01111001' with '11000001' at mapper[0109]
Info: line 5 - code[00C1] <= '0000_0110_00000100_00010000_000_00_00_00_00_00_0_00_00_00_01_100_000_00_00_000_0_0000'
Warning in line 6: overwriting '01111001' with '11000010' at mapper[010A]
Info: line 5 - code[00C2] <= '0000_0110_00000100_00010000_000_00_00_00_00_00_0_00_00_00_01_100_000_00_00_000_0_0000'
Warning in line 6: overwriting '01111001' with '11000011' at mapper[010B]
Info: line 5 - code[00C3] <= '0000_0110_00000100_00010000_000_00_00_00_00_00_0_00_00_00_01_100_000_00_00_000_0_0000'
Warning in line 6: overwriting '01111001' with '11000100' at mapper[010C]
Info: line 5 - code[00C4] <= '0000_0110_00000100_00010000_000_00_00_00_00_00_0_00_00_00_01_100_000_00_00_000_0_0000'
Warning in line 6: overwriting '01111001' with '11000101' at mapper[010D]
Info: line 5 - code[00C5] <= '0000_0110_00000100_00010000_000_00_00_00_00_00_0_00_00_00_01_100_000_00_00_000_0_0000'
Warning in line 6: overwriting '01111001' with '11000110' at mapper[0120]
Warning in line 6: overwriting '01111001' with '11000110' at mapper[0121]
Warning in line 6: overwriting '01111001' with '11000110' at mapper[0122]
Warning in line 6: overwriting '01111001' with '11000110' at mapper[0123]
Warning in line 6: overwriting '01111001' with '11000110' at mapper[0124]
Warning in line 6: overwriting '01111001' with '11000110' at mapper[0125]
Warning in line 6: overwriting '01111001' with '11000110' at mapper[0126]
Warning in line 6: overwriting '01111001' with '11000110' at mapper[0127]
Warning in line 6: overwriting '01111001' with '11000110' at mapper[0128]
Warning in line 6: overwriting '01111001' with '11000110' at mapper[0129]
Warning in line 6: overwriting '01111001' with '11000110' at mapper[012A]
Warning in line 6: overwriting '01111001' with '11000110' at mapper[012B]
Warning in line 6: overwriting '01111001' with '11000110' at mapper[012C]
Warning in line 6: overwriting '01111001' with '11000110' at mapper[012D]
Warning in line 6: overwriting '01111001' with '11000110' at mapper[012E]
Warning in line 6: overwriting '01111001' with '11000110' at mapper[012F]
Info: line 5 - code[00C6] <= '0000_1011_11001010_00000000_000_00_00_00_00_00_0_00_00_00_01_100_011_00_00_000_0_0000'
Info: line 5 - code[00C7] <= '0001_0000_00000000_00000000_000_00_00_01_00_00_0_00_00_00_00_101_010_00_00_111_0_0000'
Info: line 5 - code[00C8] <= '0001_0000_00000000_00000000_000_00_00_00_00_00_0_00_00_00_00_101_101_00_00_111_0_0000'
Info: line 5 - code[00C9] <= '0000_0110_00000100_00010000_000_00_00_00_00_00_0_00_00_00_00_101_100_10_00_011_0_0000'
Info: line 5 - code[00CA] <= '0000_1111_00000000_10000000_000_00_00_00_00_00_0_00_00_00_00_101_010_00_00_000_0_0000'
Warning in line 6: overwriting '01111001' with '11001011' at mapper[013E]
Info: line 5 - code[00CB] <= '0001_1010_10000001_10000000_000_00_00_01_00_00_0_00_00_00_01_101_000_00_00_111_0_0000'
Warning in line 6: overwriting '01111001' with '11001100' at mapper[013F]
Info: line 5 - code[00CC] <= '0001_1001_10000001_10000000_000_00_00_01_00_00_0_00_00_00_01_101_000_00_00_111_0_0000'
Warning in line 6: overwriting '01111001' with '11001101' at mapper[0160]
Warning in line 6: overwriting '01111001' with '11001101' at mapper[0161]
Warning in line 6: overwriting '01111001' with '11001101' at mapper[0162]
Warning in line 6: overwriting '01111001' with '11001101' at mapper[0163]
Warning in line 6: overwriting '01111001' with '11001101' at mapper[0164]
Warning in line 6: overwriting '01111001' with '11001101' at mapper[0165]
Warning in line 6: overwriting '01111001' with '11001101' at mapper[0166]
Warning in line 6: overwriting '01111001' with '11001101' at mapper[0167]
Warning in line 6: overwriting '01111001' with '11001101' at mapper[0168]
Warning in line 6: overwriting '01111001' with '11001101' at mapper[0169]
Warning in line 6: overwriting '01111001' with '11001101' at mapper[016A]
Warning in line 6: overwriting '01111001' with '11001101' at mapper[016B]
Warning in line 6: overwriting '01111001' with '11001101' at mapper[016C]
Warning in line 6: overwriting '01111001' with '11001101' at mapper[016D]
Warning in line 6: overwriting '01111001' with '11001101' at mapper[016E]
Warning in line 6: overwriting '01111001' with '11001101' at mapper[016F]
Info: line 5 - code[00CD] <= '0001_0000_00000000_00000000_000_00_00_01_00_00_0_00_00_00_01_011_010_00_00_111_0_0000'
Info: line 5 - code[00CE] <= '0001_0000_00000000_00000000_000_00_01_00_00_00_0_00_00_00_00_011_010_00_00_111_0_0000'
Info: line 5 - code[00CF] <= '0000_0000_00000000_00000000_000_00_00_10_00_00_0_00_00_00_00_100_100_10_00_011_0_0000'
Info: line 5 - code[00D0] <= '0000_0110_00000100_00010000_000_00_00_00_00_00_0_00_00_00_00_100_101_10_00_011_0_0000'
Warning in line 6: overwriting '01111001' with '11010001' at mapper[0176]
Info: line 5 - code[00D1] <= '0000_0000_00000000_00000000_000_00_00_00_00_00_0_00_00_00_01_011_011_00_00_000_0_0000'
Info: line 5 - code[00D2] <= '0010_0000_00000000_00000000_000_00_00_00_00_00_0_00_00_00_00_011_011_00_00_011_0_0000'
Info: line 5 - code[00D3] <= '0010_0000_00000000_00000000_000_00_00_11_00_00_0_00_00_00_00_011_011_01_00_011_0_0000'
Info: line 5 - code[00D4] <= '0010_0110_00000100_00010000_000_00_00_00_00_00_0_00_00_00_00_011_011_10_00_011_0_0000'
Warning in line 6: overwriting '01111001' with '11010101' at mapper[0180]
Warning in line 6: overwriting '01111001' with '11010101' at mapper[0181]
Warning in line 6: overwriting '01111001' with '11010101' at mapper[0182]
Warning in line 6: overwriting '01111001' with '11010101' at mapper[0183]
Warning in line 6: overwriting '01111001' with '11010101' at mapper[0184]
Warning in line 6: overwriting '01111001' with '11010101' at mapper[0185]
Warning in line 6: overwriting '01111001' with '11010101' at mapper[0186]
Warning in line 6: overwriting '01111001' with '11010101' at mapper[0187]
Warning in line 6: overwriting '01111001' with '11010101' at mapper[0188]
Warning in line 6: overwriting '01111001' with '11010101' at mapper[0189]
Warning in line 6: overwriting '01111001' with '11010101' at mapper[018A]
Warning in line 6: overwriting '01111001' with '11010101' at mapper[018B]
Warning in line 6: overwriting '01111001' with '11010101' at mapper[018C]
Warning in line 6: overwriting '01111001' with '11010101' at mapper[018D]
Warning in line 6: overwriting '01111001' with '11010101' at mapper[018E]
Warning in line 6: overwriting '01111001' with '11010101' at mapper[018F]
Info: line 5 - code[00D5] <= '0000_0000_00000000_00000000_000_00_01_00_00_00_0_00_00_00_01_100_000_00_11_111_0_0000'
Info: line 5 - code[00D6] <= '0000_0000_00000000_00000000_000_00_00_01_00_00_0_00_00_00_00_100_000_11_00_011_0_0000'
Info: line 5 - code[00D7] <= '0010_0000_00000000_00000000_000_00_00_00_00_00_0_00_00_00_00_011_011_00_00_011_0_0000'
Info: line 5 - code[00D8] <= '0010_0000_00000000_00000000_000_00_00_00_00_00_0_00_00_00_00_011_011_10_00_011_0_0000'
Info: line 5 - code[00D9] <= '0000_0000_00000000_00000000_000_00_01_00_00_00_0_00_00_00_00_101_000_00_11_111_0_0000'
Info: line 5 - code[00DA] <= '0000_0000_00000000_00000000_000_00_00_01_00_00_0_00_00_00_00_101_000_11_00_011_0_0000'
Info: line 5 - code[00DB] <= '0000_0000_00000000_00000000_000_00_00_00_00_00_0_00_00_00_00_100_110_00_00_000_0_0000'
Info: line 5 - code[00DC] <= '0001_0000_00000000_00000000_000_00_01_00_00_00_0_00_00_00_00_100_010_00_00_111_0_0000'
Info: line 5 - code[00DD] <= '0001_0000_00000000_00000000_000_00_00_01_00_00_0_00_00_00_00_100_010_00_00_111_0_0000'
Info: line 5 - code[00DE] <= '0000_0110_00000100_00010000_000_00_00_00_00_00_0_00_00_00_00_101_110_00_00_000_0_0000'
Warning in line 6: overwriting '01111001' with '11011111' at mapper[0190]
Warning in line 6: overwriting '01111001' with '11011111' at mapper[0191]
Warning in line 6: overwriting '01111001' with '11011111' at mapper[0192]
Warning in line 6: overwriting '01111001' with '11011111' at mapper[0193]
Warning in line 6: overwriting '01111001' with '11011111' at mapper[0194]
Warning in line 6: overwriting '01111001' with '11011111' at mapper[0195]
Warning in line 6: overwriting '01111001' with '11011111' at mapper[0196]
Warning in line 6: overwriting '01111001' with '11011111' at mapper[0197]
Warning in line 6: overwriting '01111001' with '11011111' at mapper[0198]
Warning in line 6: overwriting '01111001' with '11011111' at mapper[0199]
Warning in line 6: overwriting '01111001' with '11011111' at mapper[019A]
Warning in line 6: overwriting '01111001' with '11011111' at mapper[019B]
Warning in line 6: overwriting '01111001' with '11011111' at mapper[019C]
Warning in line 6: overwriting '01111001' with '11011111' at mapper[019D]
Warning in line 6: overwriting '01111001' with '11011111' at mapper[019E]
Warning in line 6: overwriting '01111001' with '11011111' at mapper[019F]
Info: line 5 - code[00DF] <= '0000_0000_00000000_00000000_000_00_01_00_00_00_0_00_00_00_01_100_000_00_11_111_0_0000'
Info: line 5 - code[00E0] <= '0000_0000_00000000_00000000_000_00_00_01_00_00_0_00_00_00_00_100_000_11_00_011_0_0000'
Info: line 5 - code[00E1] <= '0000_0000_00000000_00000000_000_00_00_00_00_00_0_00_00_00_00_011_010_00_00_000_0_0000'
Info: line 5 - code[00E2] <= '0000_0000_00000000_00000000_000_00_00_00_00_00_0_00_00_00_00_101_110_00_00_000_0_0000'
Info: line 5 - code[00E3] <= '0001_0000_00000000_00000000_000_00_01_00_00_00_0_00_00_00_00_011_010_00_00_111_0_0000'
Info: line 5 - code[00E4] <= '0001_1111_00000000_11101110_000_00_00_01_00_00_0_00_00_00_00_011_000_00_00_111_0_0000'
Warning in line 6: overwriting '01111001' with '11100101' at mapper[01A0]
Warning in line 6: overwriting '01111001' with '11100101' at mapper[01A1]
Warning in line 6: overwriting '01111001' with '11100101' at mapper[01A2]
Warning in line 6: overwriting '01111001' with '11100101' at mapper[01A3]
Warning in line 6: overwriting '01111001' with '11100101' at mapper[01A4]
Warning in line 6: overwriting '01111001' with '11100101' at mapper[01A5]
Warning in line 6: overwriting '01111001' with '11100101' at mapper[01A6]
Warning in line 6: overwriting '01111001' with '11100101' at mapper[01A7]
Warning in line 6: overwriting '01111001' with '11100101' at mapper[01A8]
Warning in line 6: overwriting '01111001' with '11100101' at mapper[01A9]
Warning in line 6: overwriting '01111001' with '11100101' at mapper[01AA]
Warning in line 6: overwriting '01111001' with '11100101' at mapper[01AB]
Warning in line 6: overwriting '01111001' with '11100101' at mapper[01AC]
Warning in line 6: overwriting '01111001' with '11100101' at mapper[01AD]
Warning in line 6: overwriting '01111001' with '11100101' at mapper[01AE]
Warning in line 6: overwriting '01111001' with '11100101' at mapper[01AF]
Info: line 5 - code[00E5] <= '0000_0000_00000000_00000000_000_00_01_00_00_00_0_00_00_00_01_100_000_00_11_111_0_0000'
Info: line 5 - code[00E6] <= '0000_0000_00000000_00000000_000_00_00_01_00_00_0_00_00_00_00_100_000_11_00_011_0_0000'
Info: line 5 - code[00E7] <= '0010_0000_00000000_00000000_000_00_00_00_00_00_0_00_00_00_00_011_011_00_00_011_0_0000'
Info: line 5 - code[00E8] <= '0010_0110_00000100_00010000_000_00_00_00_00_00_0_00_00_00_00_011_011_10_00_011_0_0000'
Warning in line 6: overwriting '01111001' with '11101001' at mapper[01B0]
Warning in line 6: overwriting '01111001' with '11101001' at mapper[01B1]
Warning in line 6: overwriting '01111001' with '11101001' at mapper[01B2]
Warning in line 6: overwriting '01111001' with '11101001' at mapper[01B3]
Warning in line 6: overwriting '01111001' with '11101001' at mapper[01B4]
Warning in line 6: overwriting '01111001' with '11101001' at mapper[01B5]
Warning in line 6: overwriting '01111001' with '11101001' at mapper[01B6]
Warning in line 6: overwriting '01111001' with '11101001' at mapper[01B7]
Warning in line 6: overwriting '01111001' with '11101001' at mapper[01B8]
Warning in line 6: overwriting '01111001' with '11101001' at mapper[01B9]
Warning in line 6: overwriting '01111001' with '11101001' at mapper[01BA]
Warning in line 6: overwriting '01111001' with '11101001' at mapper[01BB]
Warning in line 6: overwriting '01111001' with '11101001' at mapper[01BC]
Warning in line 6: overwriting '01111001' with '11101001' at mapper[01BD]
Warning in line 6: overwriting '01111001' with '11101001' at mapper[01BE]
Warning in line 6: overwriting '01111001' with '11101001' at mapper[01BF]
Info: line 5 - code[00E9] <= '0000_0000_00000000_00000000_000_00_01_00_00_00_0_00_00_00_01_100_000_00_11_111_0_0000'
Info: line 5 - code[00EA] <= '0000_0000_00000000_00000000_000_00_00_01_00_00_0_00_00_00_00_100_000_11_00_011_0_0000'
Info: line 5 - code[00EB] <= '0000_0110_00000100_00010000_000_00_00_00_00_00_0_00_00_00_00_011_110_00_00_000_0_0000'
Warning in line 6: overwriting '01111001' with '11101100' at mapper[01C0]
Warning in line 6: overwriting '01111001' with '11101100' at mapper[01C1]
Warning in line 6: overwriting '01111001' with '11101100' at mapper[01C2]
Warning in line 6: overwriting '01111001' with '11101100' at mapper[01C3]
Warning in line 6: overwriting '01111001' with '11101100' at mapper[01C4]
Warning in line 6: overwriting '01111001' with '11101100' at mapper[01C5]
Warning in line 6: overwriting '01111001' with '11101100' at mapper[01C6]
Warning in line 6: overwriting '01111001' with '11101100' at mapper[01C7]
Warning in line 6: overwriting '01111001' with '11101100' at mapper[01C8]
Warning in line 6: overwriting '01111001' with '11101100' at mapper[01C9]
Warning in line 6: overwriting '01111001' with '11101100' at mapper[01CA]
Warning in line 6: overwriting '01111001' with '11101100' at mapper[01CB]
Warning in line 6: overwriting '01111001' with '11101100' at mapper[01CC]
Warning in line 6: overwriting '01111001' with '11101100' at mapper[01CD]
Warning in line 6: overwriting '01111001' with '11101100' at mapper[01CE]
Warning in line 6: overwriting '01111001' with '11101100' at mapper[01CF]
Info: line 5 - code[00EC] <= '0001_0000_00000000_00000000_000_00_00_01_00_00_0_00_00_00_01_101_010_00_00_111_0_0000'
Info: line 5 - code[00ED] <= '0001_0000_00000000_00000000_000_00_01_00_00_00_0_00_00_00_00_101_010_00_00_111_0_0000'
Info: line 5 - code[00EE] <= '0000_0110_00000100_00010000_000_00_00_00_00_00_0_00_00_00_00_100_110_00_00_000_0_0000'
Generating code: 
Warning in line 5: found 34 uninitialized locations:
0006 .. 000F
0012 .. 0012
0014 .. 0014
0016 .. 0016
0018 .. 0018
001A .. 001A
001C .. 001C
001E .. 001E
00EF .. 00FF

Writing 'C:\Users\zoltanp\Documents\HexCalc\Sys_180X\CDP180X\cdp180x_code.mif' ... Done.
Writing 'C:\Users\zoltanp\Documents\HexCalc\Sys_180X\CDP180X\cdp180x_code.cgf' ... Done.
Writing 'C:\Users\zoltanp\Documents\HexCalc\Sys_180X\CDP180X\cdp180x_code.coe' (LF only) ... Done (initialized locations: 222, empty locations: 34, total locations: 256).
Generating code 'C:\Users\zoltanp\Documents\HexCalc\Sys_180X\CDP180X\cdp180x_code.vhd' ... Done.
Writing 'C:\Users\zoltanp\Documents\HexCalc\Sys_180X\CDP180X\cdp180x_code.hex' ... Done.
Writing 'C:\Users\zoltanp\Documents\HexCalc\Sys_180X\CDP180X\cdp180x_code_lendian.bin' ... Done.
Writing 'C:\Users\zoltanp\Documents\HexCalc\Sys_180X\CDP180X\cdp180x_code_bendian.bin' ... Done.
Generating mapping: 
Writing 'C:\Users\zoltanp\Documents\HexCalc\Sys_180X\CDP180X\cdp180x_map.mif' ... Done.
Writing 'C:\Users\zoltanp\Documents\HexCalc\Sys_180X\CDP180X\cdp180x_map.cgf' ... 